[1.636s] DEBUG:colcon:Command line arguments: ['/usr/bin/colcon', 'build']
[1.636s] DEBUG:colcon:Parsed command line arguments: Namespace(log_base=None, log_level=None, verb_name='build', build_base='build', install_base='install', merge_install=False, symlink_install=False, test_result_base=None, continue_on_error=False, executor='parallel', parallel_workers=4, event_handlers=None, ignore_user_meta=False, metas=['./colcon.meta'], base_paths=['.'], packages_ignore=None, packages_ignore_regex=None, paths=None, packages_up_to=None, packages_up_to_regex=None, packages_above=None, packages_above_and_dependencies=None, packages_above_depth=None, packages_select_by_dep=None, packages_skip_by_dep=None, packages_skip_up_to=None, packages_select_build_failed=False, packages_skip_build_finished=False, packages_select_test_failures=False, packages_skip_test_passed=False, packages_select=None, packages_skip=None, packages_select_regex=None, packages_skip_regex=None, packages_start=None, packages_end=None, allow_overriding=[], cmake_args=None, cmake_target=None, cmake_target_skip_unavailable=False, cmake_clean_cache=False, cmake_clean_first=False, cmake_force_configure=False, ament_cmake_args=None, catkin_cmake_args=None, catkin_skip_building_tests=False, verb_parser=<colcon_defaults.argument_parser.defaults.DefaultArgumentsDecorator object at 0xffffa8bc7d00>, verb_extension=<colcon_core.verb.build.BuildVerb object at 0xffffa946a260>, main=<bound method BuildVerb.main of <colcon_core.verb.build.BuildVerb object at 0xffffa946a260>>)
[1.893s] Level 1:colcon.colcon_core.package_discovery:discover_packages(colcon_meta) check parameters
[1.894s] Level 1:colcon.colcon_core.package_discovery:discover_packages(recursive) check parameters
[1.894s] Level 1:colcon.colcon_core.package_discovery:discover_packages(ignore) check parameters
[1.895s] Level 1:colcon.colcon_core.package_discovery:discover_packages(path) check parameters
[1.895s] Level 1:colcon.colcon_core.package_discovery:discover_packages(colcon_meta) discover
[1.896s] Level 1:colcon.colcon_core.package_discovery:discover_packages(recursive) discover
[1.896s] INFO:colcon.colcon_core.package_discovery:Crawling recursively for packages in '/home/robosub/RoboSub/RPI-Core/launch'
[1.899s] Level 1:colcon.colcon_core.package_identification:_identify(.) by extensions ['ignore', 'ignore_ament_install']
[1.901s] Level 1:colcon.colcon_core.package_identification:_identify(.) by extension 'ignore'
[1.902s] Level 1:colcon.colcon_core.package_identification:_identify(.) by extension 'ignore_ament_install'
[1.902s] Level 1:colcon.colcon_core.package_identification:_identify(.) by extensions ['colcon_pkg']
[1.903s] Level 1:colcon.colcon_core.package_identification:_identify(.) by extension 'colcon_pkg'
[1.903s] Level 1:colcon.colcon_core.package_identification:_identify(.) by extensions ['colcon_meta']
[1.904s] Level 1:colcon.colcon_core.package_identification:_identify(.) by extension 'colcon_meta'
[1.905s] Level 1:colcon.colcon_core.package_identification:_identify(.) by extensions ['ros']
[1.906s] Level 1:colcon.colcon_core.package_identification:_identify(.) by extension 'ros'
[1.986s] Level 1:colcon.colcon_core.package_identification:_identify(.) by extensions ['cmake', 'python']
[1.987s] Level 1:colcon.colcon_core.package_identification:_identify(.) by extension 'cmake'
[1.987s] Level 1:colcon.colcon_core.package_identification:_identify(.) by extension 'python'
[1.988s] Level 1:colcon.colcon_core.package_identification:_identify(.) by extensions ['python_setup_py']
[1.989s] Level 1:colcon.colcon_core.package_identification:_identify(.) by extension 'python_setup_py'
[1.990s] Level 1:colcon.colcon_core.package_identification:_identify(build) by extensions ['ignore', 'ignore_ament_install']
[1.991s] Level 1:colcon.colcon_core.package_identification:_identify(build) by extension 'ignore'
[1.992s] Level 1:colcon.colcon_core.package_identification:_identify(build) ignored
[1.993s] Level 1:colcon.colcon_core.package_identification:_identify(install) by extensions ['ignore', 'ignore_ament_install']
[1.994s] Level 1:colcon.colcon_core.package_identification:_identify(install) by extension 'ignore'
[1.995s] Level 1:colcon.colcon_core.package_identification:_identify(install) ignored
[1.996s] Level 1:colcon.colcon_core.package_identification:_identify(log) by extensions ['ignore', 'ignore_ament_install']
[1.999s] Level 1:colcon.colcon_core.package_identification:_identify(log) by extension 'ignore'
[2.000s] Level 1:colcon.colcon_core.package_identification:_identify(log) ignored
[2.001s] Level 1:colcon.colcon_core.package_identification:_identify(video) by extensions ['ignore', 'ignore_ament_install']
[2.002s] Level 1:colcon.colcon_core.package_identification:_identify(video) by extension 'ignore'
[2.002s] Level 1:colcon.colcon_core.package_identification:_identify(video) by extension 'ignore_ament_install'
[2.003s] Level 1:colcon.colcon_core.package_identification:_identify(video) by extensions ['colcon_pkg']
[2.003s] Level 1:colcon.colcon_core.package_identification:_identify(video) by extension 'colcon_pkg'
[2.004s] Level 1:colcon.colcon_core.package_identification:_identify(video) by extensions ['colcon_meta']
[2.004s] Level 1:colcon.colcon_core.package_identification:_identify(video) by extension 'colcon_meta'
[2.005s] Level 1:colcon.colcon_core.package_identification:_identify(video) by extensions ['ros']
[2.005s] Level 1:colcon.colcon_core.package_identification:_identify(video) by extension 'ros'
[2.022s] DEBUG:colcon.colcon_core.package_identification:Package 'video' with type 'ros.ament_python' and name 'video'
[2.023s] Level 1:colcon.colcon_core.package_discovery:discover_packages(recursive) using defaults
[2.023s] Level 1:colcon.colcon_core.package_discovery:discover_packages(ignore) discover
[2.024s] Level 1:colcon.colcon_core.package_discovery:discover_packages(ignore) using defaults
[2.024s] Level 1:colcon.colcon_core.package_discovery:discover_packages(path) discover
[2.024s] Level 1:colcon.colcon_core.package_discovery:discover_packages(path) using defaults
[2.195s] Level 1:colcon.colcon_core.package_discovery:discover_packages(prefix_path) check parameters
[2.196s] Level 1:colcon.colcon_core.package_discovery:discover_packages(prefix_path) discover
[2.212s] DEBUG:colcon.colcon_installed_package_information.package_discovery:Found 1 installed packages in /home/robosub/RoboSub/RPI-Core/launch/install
[2.225s] DEBUG:colcon.colcon_installed_package_information.package_discovery:Found 270 installed packages in /opt/ros/humble
[2.233s] Level 1:colcon.colcon_core.package_discovery:discover_packages(prefix_path) using defaults
[2.508s] Level 5:colcon.colcon_core.verb:set package 'video' build argument 'cmake_args' from command line to 'None'
[2.509s] Level 5:colcon.colcon_core.verb:set package 'video' build argument 'cmake_target' from command line to 'None'
[2.509s] Level 5:colcon.colcon_core.verb:set package 'video' build argument 'cmake_target_skip_unavailable' from command line to 'False'
[2.509s] Level 5:colcon.colcon_core.verb:set package 'video' build argument 'cmake_clean_cache' from command line to 'False'
[2.509s] Level 5:colcon.colcon_core.verb:set package 'video' build argument 'cmake_clean_first' from command line to 'False'
[2.509s] Level 5:colcon.colcon_core.verb:set package 'video' build argument 'cmake_force_configure' from command line to 'False'
[2.509s] Level 5:colcon.colcon_core.verb:set package 'video' build argument 'ament_cmake_args' from command line to 'None'
[2.509s] Level 5:colcon.colcon_core.verb:set package 'video' build argument 'catkin_cmake_args' from command line to 'None'
[2.509s] Level 5:colcon.colcon_core.verb:set package 'video' build argument 'catkin_skip_building_tests' from command line to 'False'
[2.510s] DEBUG:colcon.colcon_core.verb:Building package 'video' with the following arguments: {'ament_cmake_args': None, 'build_base': '/home/robosub/RoboSub/RPI-Core/launch/build/video', 'catkin_cmake_args': None, 'catkin_skip_building_tests': False, 'cmake_args': None, 'cmake_clean_cache': False, 'cmake_clean_first': False, 'cmake_force_configure': False, 'cmake_target': None, 'cmake_target_skip_unavailable': False, 'install_base': '/home/robosub/RoboSub/RPI-Core/launch/install/video', 'merge_install': False, 'path': '/home/robosub/RoboSub/RPI-Core/launch/video', 'symlink_install': False, 'test_result_base': None}
[2.513s] INFO:colcon.colcon_core.executor:Executing jobs using 'parallel' executor
[2.525s] DEBUG:colcon.colcon_parallel_executor.executor.parallel:run_until_complete
[2.526s] INFO:colcon.colcon_ros.task.ament_python.build:Building ROS package in '/home/robosub/RoboSub/RPI-Core/launch/video' with build type 'ament_python'
[2.527s] Level 1:colcon.colcon_core.shell:create_environment_hook('video', 'ament_prefix_path')
[2.547s] INFO:colcon.colcon_core.plugin_system:Skipping extension 'colcon_core.shell.bat': Not used on non-Windows systems
[2.549s] INFO:colcon.colcon_core.shell:Creating environment hook '/home/robosub/RoboSub/RPI-Core/launch/install/video/share/video/hook/ament_prefix_path.ps1'
[2.552s] INFO:colcon.colcon_core.shell:Creating environment descriptor '/home/robosub/RoboSub/RPI-Core/launch/install/video/share/video/hook/ament_prefix_path.dsv'
[2.556s] INFO:colcon.colcon_core.shell:Creating environment hook '/home/robosub/RoboSub/RPI-Core/launch/install/video/share/video/hook/ament_prefix_path.sh'
[2.568s] INFO:colcon.colcon_core.shell:Skip shell extension 'powershell' for command environment: Not usable outside of PowerShell
[2.569s] DEBUG:colcon.colcon_core.shell:Skip shell extension 'dsv' for command environment
[4.225s] INFO:colcon.colcon_core.task.python.build:Building Python package in '/home/robosub/RoboSub/RPI-Core/launch/video'
[4.230s] INFO:colcon.colcon_core.shell:Skip shell extension 'powershell' for command environment: Not usable outside of PowerShell
[4.231s] DEBUG:colcon.colcon_core.shell:Skip shell extension 'dsv' for command environment
[5.897s] DEBUG:colcon.colcon_core.event_handler.log_command:Invoking command in '/home/robosub/RoboSub/RPI-Core/launch/video': PYTHONPATH=/home/robosub/RoboSub/RPI-Core/launch/build/video/prefix_override:/home/robosub/RoboSub/RPI-Core/launch/install/video/lib/python3.10/site-packages:${PYTHONPATH} /usr/bin/python3 setup.py egg_info --egg-base ../build/video build --build-base /home/robosub/RoboSub/RPI-Core/launch/build/video/build install --record /home/robosub/RoboSub/RPI-Core/launch/build/video/install.log --single-version-externally-managed
[7.312s] DEBUG:colcon.colcon_core.event_handler.log_command:Invoked command in '/home/robosub/RoboSub/RPI-Core/launch/video' returned '0': PYTHONPATH=/home/robosub/RoboSub/RPI-Core/launch/build/video/prefix_override:/home/robosub/RoboSub/RPI-Core/launch/install/video/lib/python3.10/site-packages:${PYTHONPATH} /usr/bin/python3 setup.py egg_info --egg-base ../build/video build --build-base /home/robosub/RoboSub/RPI-Core/launch/build/video/build install --record /home/robosub/RoboSub/RPI-Core/launch/build/video/install.log --single-version-externally-managed
[7.335s] Level 1:colcon.colcon_core.environment:checking '/home/robosub/RoboSub/RPI-Core/launch/install/video' for CMake module files
[7.337s] Level 1:colcon.colcon_core.environment:checking '/home/robosub/RoboSub/RPI-Core/launch/install/video' for CMake config files
[7.341s] Level 1:colcon.colcon_core.environment:checking '/home/robosub/RoboSub/RPI-Core/launch/install/video/lib'
[7.342s] Level 1:colcon.colcon_core.environment:checking '/home/robosub/RoboSub/RPI-Core/launch/install/video/bin'
[7.342s] Level 1:colcon.colcon_core.environment:checking '/home/robosub/RoboSub/RPI-Core/launch/install/video/lib/pkgconfig/video.pc'
[7.343s] Level 1:colcon.colcon_core.environment:checking '/home/robosub/RoboSub/RPI-Core/launch/install/video/lib/python3.10/site-packages'
[7.344s] Level 1:colcon.colcon_core.shell:create_environment_hook('video', 'pythonpath')
[7.349s] INFO:colcon.colcon_core.shell:Creating environment hook '/home/robosub/RoboSub/RPI-Core/launch/install/video/share/video/hook/pythonpath.ps1'
[7.351s] INFO:colcon.colcon_core.shell:Creating environment descriptor '/home/robosub/RoboSub/RPI-Core/launch/install/video/share/video/hook/pythonpath.dsv'
[7.353s] INFO:colcon.colcon_core.shell:Creating environment hook '/home/robosub/RoboSub/RPI-Core/launch/install/video/share/video/hook/pythonpath.sh'
[7.355s] Level 1:colcon.colcon_core.environment:checking '/home/robosub/RoboSub/RPI-Core/launch/install/video/bin'
[7.356s] Level 1:colcon.colcon_core.environment:create_environment_scripts_only(video)
[7.361s] INFO:colcon.colcon_core.shell:Creating package script '/home/robosub/RoboSub/RPI-Core/launch/install/video/share/video/package.ps1'
[7.366s] INFO:colcon.colcon_core.shell:Creating package descriptor '/home/robosub/RoboSub/RPI-Core/launch/install/video/share/video/package.dsv'
[7.369s] INFO:colcon.colcon_core.shell:Creating package script '/home/robosub/RoboSub/RPI-Core/launch/install/video/share/video/package.sh'
[7.372s] INFO:colcon.colcon_core.shell:Creating package script '/home/robosub/RoboSub/RPI-Core/launch/install/video/share/video/package.bash'
[7.376s] INFO:colcon.colcon_core.shell:Creating package script '/home/robosub/RoboSub/RPI-Core/launch/install/video/share/video/package.zsh'
[7.379s] Level 1:colcon.colcon_core.environment:create_file_with_runtime_dependencies(/home/robosub/RoboSub/RPI-Core/launch/install/video/share/colcon-core/packages/video)
[7.381s] DEBUG:colcon.colcon_parallel_executor.executor.parallel:closing loop
[7.383s] DEBUG:colcon.colcon_parallel_executor.executor.parallel:loop closed
[7.384s] DEBUG:colcon.colcon_parallel_executor.executor.parallel:run_until_complete finished with '0'
[7.385s] DEBUG:colcon.colcon_core.event_reactor:joining thread
[7.411s] INFO:colcon.colcon_core.plugin_system:Skipping extension 'colcon_notification.desktop_notification.terminal_notifier': Not used on non-Darwin systems
[7.412s] INFO:colcon.colcon_core.plugin_system:Skipping extension 'colcon_notification.desktop_notification.win32': Not used on non-Windows systems
[7.412s] INFO:colcon.colcon_notification.desktop_notification:Sending desktop notification using 'notify2'
[7.474s] DEBUG:colcon.colcon_core.event_reactor:joined thread
[7.480s] INFO:colcon.colcon_core.shell:Creating prefix script '/home/robosub/RoboSub/RPI-Core/launch/install/local_setup.ps1'
[7.485s] INFO:colcon.colcon_core.shell:Creating prefix util module '/home/robosub/RoboSub/RPI-Core/launch/install/_local_setup_util_ps1.py'
[7.493s] INFO:colcon.colcon_core.shell:Creating prefix chain script '/home/robosub/RoboSub/RPI-Core/launch/install/setup.ps1'
[7.503s] INFO:colcon.colcon_core.shell:Creating prefix script '/home/robosub/RoboSub/RPI-Core/launch/install/local_setup.sh'
[7.507s] INFO:colcon.colcon_core.shell:Creating prefix util module '/home/robosub/RoboSub/RPI-Core/launch/install/_local_setup_util_sh.py'
[7.514s] INFO:colcon.colcon_core.shell:Creating prefix chain script '/home/robosub/RoboSub/RPI-Core/launch/install/setup.sh'
[7.523s] INFO:colcon.colcon_core.shell:Creating prefix script '/home/robosub/RoboSub/RPI-Core/launch/install/local_setup.bash'
[7.527s] INFO:colcon.colcon_core.shell:Creating prefix chain script '/home/robosub/RoboSub/RPI-Core/launch/install/setup.bash'
[7.536s] INFO:colcon.colcon_core.shell:Creating prefix script '/home/robosub/RoboSub/RPI-Core/launch/install/local_setup.zsh'
[7.539s] INFO:colcon.colcon_core.shell:Creating prefix chain script '/home/robosub/RoboSub/RPI-Core/launch/install/setup.zsh'
