running egg_info
writing ../build/video/video.egg-info/PKG-INFO
writing dependency_links to ../build/video/video.egg-info/dependency_links.txt
writing entry points to ../build/video/video.egg-info/entry_points.txt
writing requirements to ../build/video/video.egg-info/requires.txt
writing top-level names to ../build/video/video.egg-info/top_level.txt
file publisher_old_school.py (for module publisher_old_school) not found
file publisher_local_function.py (for module publisher_local_function) not found
file publisher_member_function.py (for module publisher_member_function) not found
reading manifest file '../build/video/video.egg-info/SOURCES.txt'
writing manifest file '../build/video/video.egg-info/SOURCES.txt'
running build
running build_py
file publisher_old_school.py (for module publisher_old_school) not found
file publisher_local_function.py (for module publisher_local_function) not found
file publisher_member_function.py (for module publisher_member_function) not found
file publisher_old_school.py (for module publisher_old_school) not found
file publisher_local_function.py (for module publisher_local_function) not found
file publisher_member_function.py (for module publisher_member_function) not found
running install
/usr/lib/python3/dist-packages/setuptools/command/install.py:34: SetuptoolsDeprecationWarning: setup.py install is deprecated. Use build and pip and other standards-based tools.
  warnings.warn(
running install_lib
running install_data
copying package.xml -> /home/robosub/RoboSub/RPI-Core/launch/install/video/share/video
running install_egg_info
removing '/home/robosub/RoboSub/RPI-Core/launch/install/video/lib/python3.10/site-packages/video-0.0.0-py3.10.egg-info' (and everything under it)
Copying ../build/video/video.egg-info to /home/robosub/RoboSub/RPI-Core/launch/install/video/lib/python3.10/site-packages/video-0.0.0-py3.10.egg-info
running install_scripts
Installing video_pub script to /home/robosub/RoboSub/RPI-Core/launch/install/video/lib/video
file publisher_old_school.py (for module publisher_old_school) not found
file publisher_local_function.py (for module publisher_local_function) not found
file publisher_member_function.py (for module publisher_member_function) not found
writing list of installed files to '/home/robosub/RoboSub/RPI-Core/launch/build/video/install.log'
