[3.230s] Invoking command in '/home/robosub/RoboSub/RPI-Core/launch/video': PYTHONPATH=/home/robosub/RoboSub/RPI-Core/launch/build/video/prefix_override:/home/robosub/RoboSub/RPI-Core/launch/install/video/lib/python3.10/site-packages:${PYTHONPATH} /usr/bin/python3 setup.py egg_info --egg-base ../build/video build --build-base /home/robosub/RoboSub/RPI-Core/launch/build/video/build install --record /home/robosub/RoboSub/RPI-Core/launch/build/video/install.log --single-version-externally-managed
[4.409s] running egg_info
[4.412s] writing ../build/video/video.egg-info/PKG-INFO
[4.413s] writing dependency_links to ../build/video/video.egg-info/dependency_links.txt
[4.414s] writing entry points to ../build/video/video.egg-info/entry_points.txt
[4.415s] writing requirements to ../build/video/video.egg-info/requires.txt
[4.416s] writing top-level names to ../build/video/video.egg-info/top_level.txt
[4.425s] reading manifest file '../build/video/video.egg-info/SOURCES.txt'
[4.429s] writing manifest file '../build/video/video.egg-info/SOURCES.txt'
[4.430s] running build
[4.431s] running build_py
[4.432s] copying video_publisher.py -> /home/robosub/RoboSub/RPI-Core/launch/build/video/build/lib
[4.433s] running install
[4.434s] /usr/lib/python3/dist-packages/setuptools/command/install.py:34: SetuptoolsDeprecationWarning: setup.py install is deprecated. Use build and pip and other standards-based tools.
[4.434s]   warnings.warn(
[4.435s] running install_lib
[4.438s] copying /home/robosub/RoboSub/RPI-Core/launch/build/video/build/lib/video_publisher.py -> /home/robosub/RoboSub/RPI-Core/launch/install/video/lib/python3.10/site-packages
[4.442s] byte-compiling /home/robosub/RoboSub/RPI-Core/launch/install/video/lib/python3.10/site-packages/video_publisher.py to video_publisher.cpython-310.pyc
[4.444s] running install_data
[4.447s] running install_egg_info
[4.455s] removing '/home/robosub/RoboSub/RPI-Core/launch/install/video/lib/python3.10/site-packages/video-0.0.0-py3.10.egg-info' (and everything under it)
[4.456s] Copying ../build/video/video.egg-info to /home/robosub/RoboSub/RPI-Core/launch/install/video/lib/python3.10/site-packages/video-0.0.0-py3.10.egg-info
[4.463s] running install_scripts
[4.545s] Installing video_pub script to /home/robosub/RoboSub/RPI-Core/launch/install/video/lib/video
[4.547s] writing list of installed files to '/home/robosub/RoboSub/RPI-Core/launch/build/video/install.log'
[4.672s] Invoked command in '/home/robosub/RoboSub/RPI-Core/launch/video' returned '0': PYTHONPATH=/home/robosub/RoboSub/RPI-Core/launch/build/video/prefix_override:/home/robosub/RoboSub/RPI-Core/launch/install/video/lib/python3.10/site-packages:${PYTHONPATH} /usr/bin/python3 setup.py egg_info --egg-base ../build/video build --build-base /home/robosub/RoboSub/RPI-Core/launch/build/video/build install --record /home/robosub/RoboSub/RPI-Core/launch/build/video/install.log --single-version-externally-managed
