running egg_info
writing ../build/video/video.egg-info/PKG-INFO
writing dependency_links to ../build/video/video.egg-info/dependency_links.txt
writing entry points to ../build/video/video.egg-info/entry_points.txt
writing requirements to ../build/video/video.egg-info/requires.txt
writing top-level names to ../build/video/video.egg-info/top_level.txt
reading manifest file '../build/video/video.egg-info/SOURCES.txt'
writing manifest file '../build/video/video.egg-info/SOURCES.txt'
running build
running build_py
copying video_publisher.py -> /home/robosub/RoboSub/RPI-Core/launch/build/video/build/lib
running install
/usr/lib/python3/dist-packages/setuptools/command/install.py:34: SetuptoolsDeprecationWarning: setup.py install is deprecated. Use build and pip and other standards-based tools.
  warnings.warn(
running install_lib
copying /home/robosub/RoboSub/RPI-Core/launch/build/video/build/lib/video_publisher.py -> /home/robosub/RoboSub/RPI-Core/launch/install/video/lib/python3.10/site-packages
byte-compiling /home/robosub/RoboSub/RPI-Core/launch/install/video/lib/python3.10/site-packages/video_publisher.py to video_publisher.cpython-310.pyc
running install_data
copying package.xml -> /home/robosub/RoboSub/RPI-Core/launch/install/video/share/video
running install_egg_info
removing '/home/robosub/RoboSub/RPI-Core/launch/install/video/lib/python3.10/site-packages/video-0.0.0-py3.10.egg-info' (and everything under it)
Copying ../build/video/video.egg-info to /home/robosub/RoboSub/RPI-Core/launch/install/video/lib/python3.10/site-packages/video-0.0.0-py3.10.egg-info
running install_scripts
Installing video_pub script to /home/robosub/RoboSub/RPI-Core/launch/install/video/lib/video
writing list of installed files to '/home/robosub/RoboSub/RPI-Core/launch/build/video/install.log'
