[3.036s] Invoking command in '/home/robosub/RoboSub/RPI-Core/launch/video': PYTHONPATH=/home/robosub/RoboSub/RPI-Core/launch/build/video/prefix_override:/home/robosub/RoboSub/RPI-Core/launch/install/video/lib/python3.10/site-packages:${PYTHONPATH} /usr/bin/python3 setup.py egg_info --egg-base ../build/video build --build-base /home/robosub/RoboSub/RPI-Core/launch/build/video/build install --record /home/robosub/RoboSub/RPI-Core/launch/build/video/install.log --single-version-externally-managed
[4.155s] running egg_info
[4.158s] writing ../build/video/video.egg-info/PKG-INFO
[4.159s] writing dependency_links to ../build/video/video.egg-info/dependency_links.txt
[4.160s] writing entry points to ../build/video/video.egg-info/entry_points.txt
[4.162s] writing requirements to ../build/video/video.egg-info/requires.txt
[4.163s] writing top-level names to ../build/video/video.egg-info/top_level.txt
[4.172s] reading manifest file '../build/video/video.egg-info/SOURCES.txt'
[4.175s] writing manifest file '../build/video/video.egg-info/SOURCES.txt'
[4.176s] running build
[4.177s] running build_py
[4.177s] copying video_publisher.py -> /home/robosub/RoboSub/RPI-Core/launch/build/video/build/lib
[4.178s] running install
[4.179s] /usr/lib/python3/dist-packages/setuptools/command/install.py:34: SetuptoolsDeprecationWarning: setup.py install is deprecated. Use build and pip and other standards-based tools.
[4.179s]   warnings.warn(
[4.180s] running install_lib
[4.184s] copying /home/robosub/RoboSub/RPI-Core/launch/build/video/build/lib/video_publisher.py -> /home/robosub/RoboSub/RPI-Core/launch/install/video/lib/python3.10/site-packages
[4.187s] byte-compiling /home/robosub/RoboSub/RPI-Core/launch/install/video/lib/python3.10/site-packages/video_publisher.py to video_publisher.cpython-310.pyc
[4.190s] running install_data
[4.192s] running install_egg_info
[4.198s] removing '/home/robosub/RoboSub/RPI-Core/launch/install/video/lib/python3.10/site-packages/video-0.0.0-py3.10.egg-info' (and everything under it)
[4.200s] Copying ../build/video/video.egg-info to /home/robosub/RoboSub/RPI-Core/launch/install/video/lib/python3.10/site-packages/video-0.0.0-py3.10.egg-info
[4.205s] running install_scripts
[4.287s] Installing video_pub script to /home/robosub/RoboSub/RPI-Core/launch/install/video/lib/video
[4.289s] writing list of installed files to '/home/robosub/RoboSub/RPI-Core/launch/build/video/install.log'
[4.417s] Invoked command in '/home/robosub/RoboSub/RPI-Core/launch/video' returned '0': PYTHONPATH=/home/robosub/RoboSub/RPI-Core/launch/build/video/prefix_override:/home/robosub/RoboSub/RPI-Core/launch/install/video/lib/python3.10/site-packages:${PYTHONPATH} /usr/bin/python3 setup.py egg_info --egg-base ../build/video build --build-base /home/robosub/RoboSub/RPI-Core/launch/build/video/build install --record /home/robosub/RoboSub/RPI-Core/launch/build/video/install.log --single-version-externally-managed
