[7.493s] Invoking command in '/home/robosub/RoboSub/RPI-Core/launch/video': PYTHONPATH=/home/robosub/RoboSub/RPI-Core/launch/build/video/prefix_override:/home/robosub/RoboSub/RPI-Core/launch/install/video/lib/python3.10/site-packages:${PYTHONPATH} /usr/bin/python3 setup.py egg_info --egg-base ../build/video build --build-base /home/robosub/RoboSub/RPI-Core/launch/build/video/build install --record /home/robosub/RoboSub/RPI-Core/launch/build/video/install.log --single-version-externally-managed
[9.911s] running egg_info
[9.913s] writing ../build/video/video.egg-info/PKG-INFO
[9.914s] writing dependency_links to ../build/video/video.egg-info/dependency_links.txt
[9.915s] writing entry points to ../build/video/video.egg-info/entry_points.txt
[9.921s] writing requirements to ../build/video/video.egg-info/requires.txt
[9.921s] writing top-level names to ../build/video/video.egg-info/top_level.txt
[9.932s] reading manifest file '../build/video/video.egg-info/SOURCES.txt'
[9.938s] writing manifest file '../build/video/video.egg-info/SOURCES.txt'
[9.939s] running build
[9.940s] running build_py
[9.941s] running install
[9.942s] /usr/lib/python3/dist-packages/setuptools/command/install.py:34: SetuptoolsDeprecationWarning: setup.py install is deprecated. Use build and pip and other standards-based tools.
[9.943s]   warnings.warn(
[9.944s] running install_lib
[9.951s] running install_data
[9.955s] running install_egg_info
[9.963s] removing '/home/robosub/RoboSub/RPI-Core/launch/install/video/lib/python3.10/site-packages/video-0.0.0-py3.10.egg-info' (and everything under it)
[9.966s] Copying ../build/video/video.egg-info to /home/robosub/RoboSub/RPI-Core/launch/install/video/lib/python3.10/site-packages/video-0.0.0-py3.10.egg-info
[9.975s] running install_scripts
[10.102s] Installing video_pub script to /home/robosub/RoboSub/RPI-Core/launch/install/video/lib/video
[10.105s] writing list of installed files to '/home/robosub/RoboSub/RPI-Core/launch/build/video/install.log'
[10.323s] Invoked command in '/home/robosub/RoboSub/RPI-Core/launch/video' returned '0': PYTHONPATH=/home/robosub/RoboSub/RPI-Core/launch/build/video/prefix_override:/home/robosub/RoboSub/RPI-Core/launch/install/video/lib/python3.10/site-packages:${PYTHONPATH} /usr/bin/python3 setup.py egg_info --egg-base ../build/video build --build-base /home/robosub/RoboSub/RPI-Core/launch/build/video/build install --record /home/robosub/RoboSub/RPI-Core/launch/build/video/install.log --single-version-externally-managed
