[7.604s] Invoking command in '/home/robosub/RoboSub/RPI-Core/launch/video': PYTHONPATH=/home/robosub/RoboSub/RPI-Core/launch/build/video/prefix_override:/home/robosub/RoboSub/RPI-Core/launch/install/video/lib/python3.10/site-packages:${PYTHONPATH} /usr/bin/python3 setup.py egg_info --egg-base ../build/video build --build-base /home/robosub/RoboSub/RPI-Core/launch/build/video/build install --record /home/robosub/RoboSub/RPI-Core/launch/build/video/install.log --single-version-externally-managed
[9.818s] running egg_info
[9.820s] writing ../build/video/video.egg-info/PKG-INFO
[9.823s] writing dependency_links to ../build/video/video.egg-info/dependency_links.txt
[9.827s] writing entry points to ../build/video/video.egg-info/entry_points.txt
[9.829s] writing requirements to ../build/video/video.egg-info/requires.txt
[9.835s] writing top-level names to ../build/video/video.egg-info/top_level.txt
[9.846s] reading manifest file '../build/video/video.egg-info/SOURCES.txt'
[9.864s] writing manifest file '../build/video/video.egg-info/SOURCES.txt'
[9.867s] running build
[9.870s] running build_py
[9.872s] running install
[9.874s] /usr/lib/python3/dist-packages/setuptools/command/install.py:34: SetuptoolsDeprecationWarning: setup.py install is deprecated. Use build and pip and other standards-based tools.
[9.875s]   warnings.warn(
[9.878s] running install_lib
[9.888s] running install_data
[9.894s] running install_egg_info
[9.904s] removing '/home/robosub/RoboSub/RPI-Core/launch/install/video/lib/python3.10/site-packages/video-0.0.0-py3.10.egg-info' (and everything under it)
[9.908s] Copying ../build/video/video.egg-info to /home/robosub/RoboSub/RPI-Core/launch/install/video/lib/python3.10/site-packages/video-0.0.0-py3.10.egg-info
[9.919s] running install_scripts
[10.097s] Installing video_pub script to /home/robosub/RoboSub/RPI-Core/launch/install/video/lib/video
[10.101s] writing list of installed files to '/home/robosub/RoboSub/RPI-Core/launch/build/video/install.log'
[10.322s] Invoked command in '/home/robosub/RoboSub/RPI-Core/launch/video' returned '0': PYTHONPATH=/home/robosub/RoboSub/RPI-Core/launch/build/video/prefix_override:/home/robosub/RoboSub/RPI-Core/launch/install/video/lib/python3.10/site-packages:${PYTHONPATH} /usr/bin/python3 setup.py egg_info --egg-base ../build/video build --build-base /home/robosub/RoboSub/RPI-Core/launch/build/video/build install --record /home/robosub/RoboSub/RPI-Core/launch/build/video/install.log --single-version-externally-managed
