[2.820s] Invoking command in '/home/robosub/RoboSub/RPI-Core/launch/video': PYTHONPATH=/home/robosub/RoboSub/RPI-Core/launch/build/video/prefix_override:/home/robosub/RoboSub/RPI-Core/launch/install/video/lib/python3.10/site-packages:${PYTHONPATH} /usr/bin/python3 setup.py egg_info --egg-base ../build/video build --build-base /home/robosub/RoboSub/RPI-Core/launch/build/video/build install --record /home/robosub/RoboSub/RPI-Core/launch/build/video/install.log --single-version-externally-managed
[3.939s] running egg_info
[3.941s] writing ../build/video/video.egg-info/PKG-INFO
[3.943s] writing dependency_links to ../build/video/video.egg-info/dependency_links.txt
[3.943s] writing entry points to ../build/video/video.egg-info/entry_points.txt
[3.944s] writing requirements to ../build/video/video.egg-info/requires.txt
[3.945s] writing top-level names to ../build/video/video.egg-info/top_level.txt
[3.952s] reading manifest file '../build/video/video.egg-info/SOURCES.txt'
[3.956s] writing manifest file '../build/video/video.egg-info/SOURCES.txt'
[3.957s] running build
[3.957s] running build_py
[3.958s] copying video_publisher.py -> /home/robosub/RoboSub/RPI-Core/launch/build/video/build/lib
[3.960s] running install
[3.960s] /usr/lib/python3/dist-packages/setuptools/command/install.py:34: SetuptoolsDeprecationWarning: setup.py install is deprecated. Use build and pip and other standards-based tools.
[3.961s]   warnings.warn(
[3.962s] running install_lib
[3.966s] copying /home/robosub/RoboSub/RPI-Core/launch/build/video/build/lib/video_publisher.py -> /home/robosub/RoboSub/RPI-Core/launch/install/video/lib/python3.10/site-packages
[3.970s] byte-compiling /home/robosub/RoboSub/RPI-Core/launch/install/video/lib/python3.10/site-packages/video_publisher.py to video_publisher.cpython-310.pyc
[3.972s] running install_data
[3.975s] running install_egg_info
[3.981s] removing '/home/robosub/RoboSub/RPI-Core/launch/install/video/lib/python3.10/site-packages/video-0.0.0-py3.10.egg-info' (and everything under it)
[3.982s] Copying ../build/video/video.egg-info to /home/robosub/RoboSub/RPI-Core/launch/install/video/lib/python3.10/site-packages/video-0.0.0-py3.10.egg-info
[3.987s] running install_scripts
[4.069s] Installing video_pub script to /home/robosub/RoboSub/RPI-Core/launch/install/video/lib/video
[4.071s] writing list of installed files to '/home/robosub/RoboSub/RPI-Core/launch/build/video/install.log'
[4.194s] Invoked command in '/home/robosub/RoboSub/RPI-Core/launch/video' returned '0': PYTHONPATH=/home/robosub/RoboSub/RPI-Core/launch/build/video/prefix_override:/home/robosub/RoboSub/RPI-Core/launch/install/video/lib/python3.10/site-packages:${PYTHONPATH} /usr/bin/python3 setup.py egg_info --egg-base ../build/video build --build-base /home/robosub/RoboSub/RPI-Core/launch/build/video/build install --record /home/robosub/RoboSub/RPI-Core/launch/build/video/install.log --single-version-externally-managed
