[4.484s] Invoking command in '/home/robosub/RoboSub/RPI-Core/launch/controller': PYTHONPATH=/home/robosub/RoboSub/RPI-Core/launch/build/controller/prefix_override:/home/robosub/RoboSub/RPI-Core/launch/install/controller/lib/python3.10/site-packages:${PYTHONPATH} /usr/bin/python3 setup.py egg_info --egg-base ../build/controller build --build-base /home/robosub/RoboSub/RPI-Core/launch/build/controller/build install --record /home/robosub/RoboSub/RPI-Core/launch/build/controller/install.log --single-version-externally-managed
[5.783s] running egg_info
[5.784s] writing ../build/controller/controller.egg-info/PKG-INFO
[5.787s] writing dependency_links to ../build/controller/controller.egg-info/dependency_links.txt
[5.789s] writing entry points to ../build/controller/controller.egg-info/entry_points.txt
[5.790s] writing requirements to ../build/controller/controller.egg-info/requires.txt
[5.792s] writing top-level names to ../build/controller/controller.egg-info/top_level.txt
[5.798s] reading manifest file '../build/controller/controller.egg-info/SOURCES.txt'
[5.802s] writing manifest file '../build/controller/controller.egg-info/SOURCES.txt'
[5.804s] running build
[5.804s] running build_py
[5.807s] copying controller_sub.py -> /home/robosub/RoboSub/RPI-Core/launch/build/controller/build/lib
[5.809s] running install
[5.809s] /usr/lib/python3/dist-packages/setuptools/command/install.py:34: SetuptoolsDeprecationWarning: setup.py install is deprecated. Use build and pip and other standards-based tools.
[5.810s]   warnings.warn(
[5.811s] running install_lib
[5.812s] copying /home/robosub/RoboSub/RPI-Core/launch/build/controller/build/lib/controller_sub.py -> /home/robosub/RoboSub/RPI-Core/launch/install/controller/lib/python3.10/site-packages
[5.815s] byte-compiling /home/robosub/RoboSub/RPI-Core/launch/install/controller/lib/python3.10/site-packages/controller_sub.py to controller_sub.cpython-310.pyc
[5.818s] running install_data
[5.821s] running install_egg_info
[5.828s] removing '/home/robosub/RoboSub/RPI-Core/launch/install/controller/lib/python3.10/site-packages/controller-0.0.0-py3.10.egg-info' (and everything under it)
[5.829s] Copying ../build/controller/controller.egg-info to /home/robosub/RoboSub/RPI-Core/launch/install/controller/lib/python3.10/site-packages/controller-0.0.0-py3.10.egg-info
[5.836s] running install_scripts
[5.934s] Installing controller_sub script to /home/robosub/RoboSub/RPI-Core/launch/install/controller/lib/controller
[5.938s] writing list of installed files to '/home/robosub/RoboSub/RPI-Core/launch/build/controller/install.log'
[6.215s] Invoked command in '/home/robosub/RoboSub/RPI-Core/launch/controller' returned '0': PYTHONPATH=/home/robosub/RoboSub/RPI-Core/launch/build/controller/prefix_override:/home/robosub/RoboSub/RPI-Core/launch/install/controller/lib/python3.10/site-packages:${PYTHONPATH} /usr/bin/python3 setup.py egg_info --egg-base ../build/controller build --build-base /home/robosub/RoboSub/RPI-Core/launch/build/controller/build install --record /home/robosub/RoboSub/RPI-Core/launch/build/controller/install.log --single-version-externally-managed
