running egg_info
creating ../build/video/video.egg-info
writing ../build/video/video.egg-info/PKG-INFO
writing dependency_links to ../build/video/video.egg-info/dependency_links.txt
writing entry points to ../build/video/video.egg-info/entry_points.txt
writing requirements to ../build/video/video.egg-info/requires.txt
writing top-level names to ../build/video/video.egg-info/top_level.txt
writing manifest file '../build/video/video.egg-info/SOURCES.txt'
reading manifest file '../build/video/video.egg-info/SOURCES.txt'
writing manifest file '../build/video/video.egg-info/SOURCES.txt'
running build
running build_py
creating /home/robosub/RoboSub/RPI-Core/launch/build/video/build
creating /home/robosub/RoboSub/RPI-Core/launch/build/video/build/lib
creating /home/robosub/RoboSub/RPI-Core/launch/build/video/build/lib/video
copying video/__init__.py -> /home/robosub/RoboSub/RPI-Core/launch/build/video/build/lib/video
running install
running install_lib
creating /home/robosub/RoboSub/RPI-Core/launch/install/video/lib/python3.10/site-packages/video
copying /home/robosub/RoboSub/RPI-Core/launch/build/video/build/lib/video/__init__.py -> /home/robosub/RoboSub/RPI-Core/launch/install/video/lib/python3.10/site-packages/video
byte-compiling /home/robosub/RoboSub/RPI-Core/launch/install/video/lib/python3.10/site-packages/video/__init__.py to __init__.cpython-310.pyc
running install_data
creating /home/robosub/RoboSub/RPI-Core/launch/install/video/share/ament_index
creating /home/robosub/RoboSub/RPI-Core/launch/install/video/share/ament_index/resource_index
creating /home/robosub/RoboSub/RPI-Core/launch/install/video/share/ament_index/resource_index/packages
copying resource/video -> /home/robosub/RoboSub/RPI-Core/launch/install/video/share/ament_index/resource_index/packages
copying package.xml -> /home/robosub/RoboSub/RPI-Core/launch/install/video/share/video
running install_egg_info
Copying ../build/video/video.egg-info to /home/robosub/RoboSub/RPI-Core/launch/install/video/lib/python3.10/site-packages/video-0.0.0-py3.10.egg-info
running install_scripts
writing list of installed files to '/home/robosub/RoboSub/RPI-Core/launch/build/video/install.log'
