[2.762s] DEBUG:colcon:Command line arguments: ['/usr/bin/colcon', 'build']
[2.763s] DEBUG:colcon:Parsed command line arguments: Namespace(log_base=None, log_level=None, verb_name='build', build_base='build', install_base='install', merge_install=False, symlink_install=False, test_result_base=None, continue_on_error=False, executor='parallel', parallel_workers=4, event_handlers=None, ignore_user_meta=False, metas=['./colcon.meta'], base_paths=['.'], packages_ignore=None, packages_ignore_regex=None, paths=None, packages_up_to=None, packages_up_to_regex=None, packages_above=None, packages_above_and_dependencies=None, packages_above_depth=None, packages_select_by_dep=None, packages_skip_by_dep=None, packages_skip_up_to=None, packages_select_build_failed=False, packages_skip_build_finished=False, packages_select_test_failures=False, packages_skip_test_passed=False, packages_select=None, packages_skip=None, packages_select_regex=None, packages_skip_regex=None, packages_start=None, packages_end=None, allow_overriding=[], cmake_args=None, cmake_target=None, cmake_target_skip_unavailable=False, cmake_clean_cache=False, cmake_clean_first=False, cmake_force_configure=False, ament_cmake_args=None, catkin_cmake_args=None, catkin_skip_building_tests=False, verb_parser=<colcon_defaults.argument_parser.defaults.DefaultArgumentsDecorator object at 0xffff90970a30>, verb_extension=<colcon_core.verb.build.BuildVerb object at 0xffff91163790>, main=<bound method BuildVerb.main of <colcon_core.verb.build.BuildVerb object at 0xffff91163790>>)
[2.965s] Level 1:colcon.colcon_core.package_discovery:discover_packages(colcon_meta) check parameters
[2.966s] Level 1:colcon.colcon_core.package_discovery:discover_packages(recursive) check parameters
[2.966s] Level 1:colcon.colcon_core.package_discovery:discover_packages(ignore) check parameters
[2.966s] Level 1:colcon.colcon_core.package_discovery:discover_packages(path) check parameters
[2.967s] Level 1:colcon.colcon_core.package_discovery:discover_packages(colcon_meta) discover
[2.967s] Level 1:colcon.colcon_core.package_discovery:discover_packages(recursive) discover
[2.967s] INFO:colcon.colcon_core.package_discovery:Crawling recursively for packages in '/home/robosub/RoboSub/RPI-Core/launch'
[2.968s] Level 1:colcon.colcon_core.package_identification:_identify(.) by extensions ['ignore', 'ignore_ament_install']
[2.969s] Level 1:colcon.colcon_core.package_identification:_identify(.) by extension 'ignore'
[2.969s] Level 1:colcon.colcon_core.package_identification:_identify(.) by extension 'ignore_ament_install'
[2.970s] Level 1:colcon.colcon_core.package_identification:_identify(.) by extensions ['colcon_pkg']
[2.970s] Level 1:colcon.colcon_core.package_identification:_identify(.) by extension 'colcon_pkg'
[2.971s] Level 1:colcon.colcon_core.package_identification:_identify(.) by extensions ['colcon_meta']
[2.971s] Level 1:colcon.colcon_core.package_identification:_identify(.) by extension 'colcon_meta'
[2.971s] Level 1:colcon.colcon_core.package_identification:_identify(.) by extensions ['ros']
[2.972s] Level 1:colcon.colcon_core.package_identification:_identify(.) by extension 'ros'
[3.037s] Level 1:colcon.colcon_core.package_identification:_identify(.) by extensions ['cmake', 'python']
[3.037s] Level 1:colcon.colcon_core.package_identification:_identify(.) by extension 'cmake'
[3.038s] Level 1:colcon.colcon_core.package_identification:_identify(.) by extension 'python'
[3.038s] Level 1:colcon.colcon_core.package_identification:_identify(.) by extensions ['python_setup_py']
[3.038s] Level 1:colcon.colcon_core.package_identification:_identify(.) by extension 'python_setup_py'
[3.039s] Level 1:colcon.colcon_core.package_identification:_identify(build) by extensions ['ignore', 'ignore_ament_install']
[3.040s] Level 1:colcon.colcon_core.package_identification:_identify(build) by extension 'ignore'
[3.040s] Level 1:colcon.colcon_core.package_identification:_identify(build) ignored
[3.042s] Level 1:colcon.colcon_core.package_identification:_identify(controller) by extensions ['ignore', 'ignore_ament_install']
[3.043s] Level 1:colcon.colcon_core.package_identification:_identify(controller) by extension 'ignore'
[3.043s] Level 1:colcon.colcon_core.package_identification:_identify(controller) by extension 'ignore_ament_install'
[3.044s] Level 1:colcon.colcon_core.package_identification:_identify(controller) by extensions ['colcon_pkg']
[3.044s] Level 1:colcon.colcon_core.package_identification:_identify(controller) by extension 'colcon_pkg'
[3.045s] Level 1:colcon.colcon_core.package_identification:_identify(controller) by extensions ['colcon_meta']
[3.045s] Level 1:colcon.colcon_core.package_identification:_identify(controller) by extension 'colcon_meta'
[3.045s] Level 1:colcon.colcon_core.package_identification:_identify(controller) by extensions ['ros']
[3.046s] Level 1:colcon.colcon_core.package_identification:_identify(controller) by extension 'ros'
[3.059s] DEBUG:colcon.colcon_core.package_identification:Package 'controller' with type 'ros.ament_python' and name 'controller'
[3.060s] Level 1:colcon.colcon_core.package_identification:_identify(install) by extensions ['ignore', 'ignore_ament_install']
[3.061s] Level 1:colcon.colcon_core.package_identification:_identify(install) by extension 'ignore'
[3.061s] Level 1:colcon.colcon_core.package_identification:_identify(install) ignored
[3.063s] Level 1:colcon.colcon_core.package_identification:_identify(log) by extensions ['ignore', 'ignore_ament_install']
[3.064s] Level 1:colcon.colcon_core.package_identification:_identify(log) by extension 'ignore'
[3.064s] Level 1:colcon.colcon_core.package_identification:_identify(log) ignored
[3.065s] Level 1:colcon.colcon_core.package_identification:_identify(video) by extensions ['ignore', 'ignore_ament_install']
[3.066s] Level 1:colcon.colcon_core.package_identification:_identify(video) by extension 'ignore'
[3.066s] Level 1:colcon.colcon_core.package_identification:_identify(video) by extension 'ignore_ament_install'
[3.067s] Level 1:colcon.colcon_core.package_identification:_identify(video) by extensions ['colcon_pkg']
[3.067s] Level 1:colcon.colcon_core.package_identification:_identify(video) by extension 'colcon_pkg'
[3.067s] Level 1:colcon.colcon_core.package_identification:_identify(video) by extensions ['colcon_meta']
[3.068s] Level 1:colcon.colcon_core.package_identification:_identify(video) by extension 'colcon_meta'
[3.068s] Level 1:colcon.colcon_core.package_identification:_identify(video) by extensions ['ros']
[3.069s] Level 1:colcon.colcon_core.package_identification:_identify(video) by extension 'ros'
[3.072s] DEBUG:colcon.colcon_core.package_identification:Package 'video' with type 'ros.ament_python' and name 'video'
[3.073s] Level 1:colcon.colcon_core.package_discovery:discover_packages(recursive) using defaults
[3.073s] Level 1:colcon.colcon_core.package_discovery:discover_packages(ignore) discover
[3.073s] Level 1:colcon.colcon_core.package_discovery:discover_packages(ignore) using defaults
[3.074s] Level 1:colcon.colcon_core.package_discovery:discover_packages(path) discover
[3.074s] Level 1:colcon.colcon_core.package_discovery:discover_packages(path) using defaults
[3.220s] Level 1:colcon.colcon_core.package_discovery:discover_packages(prefix_path) check parameters
[3.221s] Level 1:colcon.colcon_core.package_discovery:discover_packages(prefix_path) discover
[3.240s] DEBUG:colcon.colcon_installed_package_information.package_discovery:Found 2 installed packages in /home/robosub/RoboSub/RPI-Core/launch/install
[3.254s] DEBUG:colcon.colcon_installed_package_information.package_discovery:Found 270 installed packages in /opt/ros/humble
[3.261s] Level 1:colcon.colcon_core.package_discovery:discover_packages(prefix_path) using defaults
[3.745s] Level 5:colcon.colcon_core.verb:set package 'controller' build argument 'cmake_args' from command line to 'None'
[3.745s] Level 5:colcon.colcon_core.verb:set package 'controller' build argument 'cmake_target' from command line to 'None'
[3.745s] Level 5:colcon.colcon_core.verb:set package 'controller' build argument 'cmake_target_skip_unavailable' from command line to 'False'
[3.745s] Level 5:colcon.colcon_core.verb:set package 'controller' build argument 'cmake_clean_cache' from command line to 'False'
[3.746s] Level 5:colcon.colcon_core.verb:set package 'controller' build argument 'cmake_clean_first' from command line to 'False'
[3.746s] Level 5:colcon.colcon_core.verb:set package 'controller' build argument 'cmake_force_configure' from command line to 'False'
[3.746s] Level 5:colcon.colcon_core.verb:set package 'controller' build argument 'ament_cmake_args' from command line to 'None'
[3.746s] Level 5:colcon.colcon_core.verb:set package 'controller' build argument 'catkin_cmake_args' from command line to 'None'
[3.747s] Level 5:colcon.colcon_core.verb:set package 'controller' build argument 'catkin_skip_building_tests' from command line to 'False'
[3.747s] DEBUG:colcon.colcon_core.verb:Building package 'controller' with the following arguments: {'ament_cmake_args': None, 'build_base': '/home/robosub/RoboSub/RPI-Core/launch/build/controller', 'catkin_cmake_args': None, 'catkin_skip_building_tests': False, 'cmake_args': None, 'cmake_clean_cache': False, 'cmake_clean_first': False, 'cmake_force_configure': False, 'cmake_target': None, 'cmake_target_skip_unavailable': False, 'install_base': '/home/robosub/RoboSub/RPI-Core/launch/install/controller', 'merge_install': False, 'path': '/home/robosub/RoboSub/RPI-Core/launch/controller', 'symlink_install': False, 'test_result_base': None}
[3.753s] Level 5:colcon.colcon_core.verb:set package 'video' build argument 'cmake_args' from command line to 'None'
[3.753s] Level 5:colcon.colcon_core.verb:set package 'video' build argument 'cmake_target' from command line to 'None'
[3.753s] Level 5:colcon.colcon_core.verb:set package 'video' build argument 'cmake_target_skip_unavailable' from command line to 'False'
[3.753s] Level 5:colcon.colcon_core.verb:set package 'video' build argument 'cmake_clean_cache' from command line to 'False'
[3.754s] Level 5:colcon.colcon_core.verb:set package 'video' build argument 'cmake_clean_first' from command line to 'False'
[3.754s] Level 5:colcon.colcon_core.verb:set package 'video' build argument 'cmake_force_configure' from command line to 'False'
[3.754s] Level 5:colcon.colcon_core.verb:set package 'video' build argument 'ament_cmake_args' from command line to 'None'
[3.754s] Level 5:colcon.colcon_core.verb:set package 'video' build argument 'catkin_cmake_args' from command line to 'None'
[3.754s] Level 5:colcon.colcon_core.verb:set package 'video' build argument 'catkin_skip_building_tests' from command line to 'False'
[3.754s] DEBUG:colcon.colcon_core.verb:Building package 'video' with the following arguments: {'ament_cmake_args': None, 'build_base': '/home/robosub/RoboSub/RPI-Core/launch/build/video', 'catkin_cmake_args': None, 'catkin_skip_building_tests': False, 'cmake_args': None, 'cmake_clean_cache': False, 'cmake_clean_first': False, 'cmake_force_configure': False, 'cmake_target': None, 'cmake_target_skip_unavailable': False, 'install_base': '/home/robosub/RoboSub/RPI-Core/launch/install/video', 'merge_install': False, 'path': '/home/robosub/RoboSub/RPI-Core/launch/video', 'symlink_install': False, 'test_result_base': None}
[3.758s] INFO:colcon.colcon_core.executor:Executing jobs using 'parallel' executor
[3.776s] DEBUG:colcon.colcon_parallel_executor.executor.parallel:run_until_complete
[3.777s] INFO:colcon.colcon_ros.task.ament_python.build:Building ROS package in '/home/robosub/RoboSub/RPI-Core/launch/controller' with build type 'ament_python'
[3.779s] Level 1:colcon.colcon_core.shell:create_environment_hook('controller', 'ament_prefix_path')
[3.812s] INFO:colcon.colcon_core.plugin_system:Skipping extension 'colcon_core.shell.bat': Not used on non-Windows systems
[3.814s] INFO:colcon.colcon_core.shell:Creating environment hook '/home/robosub/RoboSub/RPI-Core/launch/install/controller/share/controller/hook/ament_prefix_path.ps1'
[3.818s] INFO:colcon.colcon_core.shell:Creating environment descriptor '/home/robosub/RoboSub/RPI-Core/launch/install/controller/share/controller/hook/ament_prefix_path.dsv'
[3.821s] INFO:colcon.colcon_core.shell:Creating environment hook '/home/robosub/RoboSub/RPI-Core/launch/install/controller/share/controller/hook/ament_prefix_path.sh'
[3.839s] INFO:colcon.colcon_core.shell:Skip shell extension 'powershell' for command environment: Not usable outside of PowerShell
[3.839s] DEBUG:colcon.colcon_core.shell:Skip shell extension 'dsv' for command environment
[3.878s] INFO:colcon.colcon_ros.task.ament_python.build:Building ROS package in '/home/robosub/RoboSub/RPI-Core/launch/video' with build type 'ament_python'
[3.881s] Level 1:colcon.colcon_core.shell:create_environment_hook('video', 'ament_prefix_path')
[3.902s] INFO:colcon.colcon_core.shell:Creating environment hook '/home/robosub/RoboSub/RPI-Core/launch/install/video/share/video/hook/ament_prefix_path.ps1'
[3.917s] INFO:colcon.colcon_core.shell:Creating environment descriptor '/home/robosub/RoboSub/RPI-Core/launch/install/video/share/video/hook/ament_prefix_path.dsv'
[3.920s] INFO:colcon.colcon_core.shell:Creating environment hook '/home/robosub/RoboSub/RPI-Core/launch/install/video/share/video/hook/ament_prefix_path.sh'
[3.936s] INFO:colcon.colcon_core.shell:Skip shell extension 'powershell' for command environment: Not usable outside of PowerShell
[3.937s] DEBUG:colcon.colcon_core.shell:Skip shell extension 'dsv' for command environment
[6.290s] INFO:colcon.colcon_core.task.python.build:Building Python package in '/home/robosub/RoboSub/RPI-Core/launch/controller'
[6.298s] INFO:colcon.colcon_core.shell:Skip shell extension 'powershell' for command environment: Not usable outside of PowerShell
[6.299s] DEBUG:colcon.colcon_core.shell:Skip shell extension 'dsv' for command environment
[8.724s] INFO:colcon.colcon_core.task.python.build:Building Python package in '/home/robosub/RoboSub/RPI-Core/launch/video'
[8.732s] INFO:colcon.colcon_core.shell:Skip shell extension 'powershell' for command environment: Not usable outside of PowerShell
[8.732s] DEBUG:colcon.colcon_core.shell:Skip shell extension 'dsv' for command environment
[12.831s] DEBUG:colcon.colcon_core.event_handler.log_command:Invoking command in '/home/robosub/RoboSub/RPI-Core/launch/controller': PYTHONPATH=/home/robosub/RoboSub/RPI-Core/launch/build/controller/prefix_override:/home/robosub/RoboSub/RPI-Core/launch/install/controller/lib/python3.10/site-packages:${PYTHONPATH} /usr/bin/python3 setup.py egg_info --egg-base ../build/controller build --build-base /home/robosub/RoboSub/RPI-Core/launch/build/controller/build install --record /home/robosub/RoboSub/RPI-Core/launch/build/controller/install.log --single-version-externally-managed
[12.914s] DEBUG:colcon.colcon_core.event_handler.log_command:Invoking command in '/home/robosub/RoboSub/RPI-Core/launch/video': PYTHONPATH=/home/robosub/RoboSub/RPI-Core/launch/build/video/prefix_override:/home/robosub/RoboSub/RPI-Core/launch/install/video/lib/python3.10/site-packages:${PYTHONPATH} /usr/bin/python3 setup.py egg_info --egg-base ../build/video build --build-base /home/robosub/RoboSub/RPI-Core/launch/build/video/build install --record /home/robosub/RoboSub/RPI-Core/launch/build/video/install.log --single-version-externally-managed
[15.299s] DEBUG:colcon.colcon_core.event_handler.log_command:Invoked command in '/home/robosub/RoboSub/RPI-Core/launch/controller' returned '0': PYTHONPATH=/home/robosub/RoboSub/RPI-Core/launch/build/controller/prefix_override:/home/robosub/RoboSub/RPI-Core/launch/install/controller/lib/python3.10/site-packages:${PYTHONPATH} /usr/bin/python3 setup.py egg_info --egg-base ../build/controller build --build-base /home/robosub/RoboSub/RPI-Core/launch/build/controller/build install --record /home/robosub/RoboSub/RPI-Core/launch/build/controller/install.log --single-version-externally-managed
[15.366s] Level 1:colcon.colcon_core.environment:checking '/home/robosub/RoboSub/RPI-Core/launch/install/controller' for CMake module files
[15.372s] Level 1:colcon.colcon_core.environment:checking '/home/robosub/RoboSub/RPI-Core/launch/install/controller' for CMake config files
[15.380s] Level 1:colcon.colcon_core.environment:checking '/home/robosub/RoboSub/RPI-Core/launch/install/controller/lib'
[15.382s] Level 1:colcon.colcon_core.environment:checking '/home/robosub/RoboSub/RPI-Core/launch/install/controller/bin'
[15.383s] Level 1:colcon.colcon_core.environment:checking '/home/robosub/RoboSub/RPI-Core/launch/install/controller/lib/pkgconfig/controller.pc'
[15.385s] Level 1:colcon.colcon_core.environment:checking '/home/robosub/RoboSub/RPI-Core/launch/install/controller/lib/python3.10/site-packages'
[15.387s] Level 1:colcon.colcon_core.shell:create_environment_hook('controller', 'pythonpath')
[15.398s] INFO:colcon.colcon_core.shell:Creating environment hook '/home/robosub/RoboSub/RPI-Core/launch/install/controller/share/controller/hook/pythonpath.ps1'
[15.405s] INFO:colcon.colcon_core.shell:Creating environment descriptor '/home/robosub/RoboSub/RPI-Core/launch/install/controller/share/controller/hook/pythonpath.dsv'
[15.410s] INFO:colcon.colcon_core.shell:Creating environment hook '/home/robosub/RoboSub/RPI-Core/launch/install/controller/share/controller/hook/pythonpath.sh'
[15.415s] Level 1:colcon.colcon_core.environment:checking '/home/robosub/RoboSub/RPI-Core/launch/install/controller/bin'
[15.416s] Level 1:colcon.colcon_core.environment:create_environment_scripts_only(controller)
[15.426s] INFO:colcon.colcon_core.shell:Creating package script '/home/robosub/RoboSub/RPI-Core/launch/install/controller/share/controller/package.ps1'
[15.433s] INFO:colcon.colcon_core.shell:Creating package descriptor '/home/robosub/RoboSub/RPI-Core/launch/install/controller/share/controller/package.dsv'
[15.438s] INFO:colcon.colcon_core.shell:Creating package script '/home/robosub/RoboSub/RPI-Core/launch/install/controller/share/controller/package.sh'
[15.443s] INFO:colcon.colcon_core.shell:Creating package script '/home/robosub/RoboSub/RPI-Core/launch/install/controller/share/controller/package.bash'
[15.447s] INFO:colcon.colcon_core.shell:Creating package script '/home/robosub/RoboSub/RPI-Core/launch/install/controller/share/controller/package.zsh'
[15.451s] Level 1:colcon.colcon_core.environment:create_file_with_runtime_dependencies(/home/robosub/RoboSub/RPI-Core/launch/install/controller/share/colcon-core/packages/controller)
[15.473s] DEBUG:colcon.colcon_core.event_handler.log_command:Invoked command in '/home/robosub/RoboSub/RPI-Core/launch/video' returned '0': PYTHONPATH=/home/robosub/RoboSub/RPI-Core/launch/build/video/prefix_override:/home/robosub/RoboSub/RPI-Core/launch/install/video/lib/python3.10/site-packages:${PYTHONPATH} /usr/bin/python3 setup.py egg_info --egg-base ../build/video build --build-base /home/robosub/RoboSub/RPI-Core/launch/build/video/build install --record /home/robosub/RoboSub/RPI-Core/launch/build/video/install.log --single-version-externally-managed
[15.474s] Level 1:colcon.colcon_core.environment:checking '/home/robosub/RoboSub/RPI-Core/launch/install/video' for CMake module files
[15.479s] Level 1:colcon.colcon_core.environment:checking '/home/robosub/RoboSub/RPI-Core/launch/install/video' for CMake config files
[15.484s] Level 1:colcon.colcon_core.environment:checking '/home/robosub/RoboSub/RPI-Core/launch/install/video/lib'
[15.485s] Level 1:colcon.colcon_core.environment:checking '/home/robosub/RoboSub/RPI-Core/launch/install/video/bin'
[15.486s] Level 1:colcon.colcon_core.environment:checking '/home/robosub/RoboSub/RPI-Core/launch/install/video/lib/pkgconfig/video.pc'
[15.488s] Level 1:colcon.colcon_core.environment:checking '/home/robosub/RoboSub/RPI-Core/launch/install/video/lib/python3.10/site-packages'
[15.489s] Level 1:colcon.colcon_core.shell:create_environment_hook('video', 'pythonpath')
[15.497s] INFO:colcon.colcon_core.shell:Creating environment hook '/home/robosub/RoboSub/RPI-Core/launch/install/video/share/video/hook/pythonpath.ps1'
[15.504s] INFO:colcon.colcon_core.shell:Creating environment descriptor '/home/robosub/RoboSub/RPI-Core/launch/install/video/share/video/hook/pythonpath.dsv'
[15.507s] INFO:colcon.colcon_core.shell:Creating environment hook '/home/robosub/RoboSub/RPI-Core/launch/install/video/share/video/hook/pythonpath.sh'
[15.510s] Level 1:colcon.colcon_core.environment:checking '/home/robosub/RoboSub/RPI-Core/launch/install/video/bin'
[15.511s] Level 1:colcon.colcon_core.environment:create_environment_scripts_only(video)
[15.521s] INFO:colcon.colcon_core.shell:Creating package script '/home/robosub/RoboSub/RPI-Core/launch/install/video/share/video/package.ps1'
[15.526s] INFO:colcon.colcon_core.shell:Creating package descriptor '/home/robosub/RoboSub/RPI-Core/launch/install/video/share/video/package.dsv'
[15.531s] INFO:colcon.colcon_core.shell:Creating package script '/home/robosub/RoboSub/RPI-Core/launch/install/video/share/video/package.sh'
[15.539s] INFO:colcon.colcon_core.shell:Creating package script '/home/robosub/RoboSub/RPI-Core/launch/install/video/share/video/package.bash'
[15.544s] INFO:colcon.colcon_core.shell:Creating package script '/home/robosub/RoboSub/RPI-Core/launch/install/video/share/video/package.zsh'
[15.549s] Level 1:colcon.colcon_core.environment:create_file_with_runtime_dependencies(/home/robosub/RoboSub/RPI-Core/launch/install/video/share/colcon-core/packages/video)
[15.557s] DEBUG:colcon.colcon_parallel_executor.executor.parallel:closing loop
[15.560s] DEBUG:colcon.colcon_parallel_executor.executor.parallel:loop closed
[15.560s] DEBUG:colcon.colcon_parallel_executor.executor.parallel:run_until_complete finished with '0'
[15.561s] DEBUG:colcon.colcon_core.event_reactor:joining thread
[15.626s] INFO:colcon.colcon_core.plugin_system:Skipping extension 'colcon_notification.desktop_notification.terminal_notifier': Not used on non-Darwin systems
[15.628s] INFO:colcon.colcon_core.plugin_system:Skipping extension 'colcon_notification.desktop_notification.win32': Not used on non-Windows systems
[15.629s] INFO:colcon.colcon_notification.desktop_notification:Sending desktop notification using 'notify2'
[15.782s] DEBUG:colcon.colcon_core.event_reactor:joined thread
[15.790s] INFO:colcon.colcon_core.shell:Creating prefix script '/home/robosub/RoboSub/RPI-Core/launch/install/local_setup.ps1'
[15.797s] INFO:colcon.colcon_core.shell:Creating prefix util module '/home/robosub/RoboSub/RPI-Core/launch/install/_local_setup_util_ps1.py'
[15.804s] INFO:colcon.colcon_core.shell:Creating prefix chain script '/home/robosub/RoboSub/RPI-Core/launch/install/setup.ps1'
[15.819s] INFO:colcon.colcon_core.shell:Creating prefix script '/home/robosub/RoboSub/RPI-Core/launch/install/local_setup.sh'
[15.824s] INFO:colcon.colcon_core.shell:Creating prefix util module '/home/robosub/RoboSub/RPI-Core/launch/install/_local_setup_util_sh.py'
[15.828s] INFO:colcon.colcon_core.shell:Creating prefix chain script '/home/robosub/RoboSub/RPI-Core/launch/install/setup.sh'
[15.837s] INFO:colcon.colcon_core.shell:Creating prefix script '/home/robosub/RoboSub/RPI-Core/launch/install/local_setup.bash'
[15.841s] INFO:colcon.colcon_core.shell:Creating prefix chain script '/home/robosub/RoboSub/RPI-Core/launch/install/setup.bash'
[15.853s] INFO:colcon.colcon_core.shell:Creating prefix script '/home/robosub/RoboSub/RPI-Core/launch/install/local_setup.zsh'
[15.857s] INFO:colcon.colcon_core.shell:Creating prefix chain script '/home/robosub/RoboSub/RPI-Core/launch/install/setup.zsh'
