[4.348s] Invoking command in '/home/robosub/RoboSub/RPI-Core/launch/video': PYTHONPATH=/home/robosub/RoboSub/RPI-Core/launch/build/video/prefix_override:/home/robosub/RoboSub/RPI-Core/launch/install/video/lib/python3.10/site-packages:${PYTHONPATH} /usr/bin/python3 setup.py egg_info --egg-base ../build/video build --build-base /home/robosub/RoboSub/RPI-Core/launch/build/video/build install --record /home/robosub/RoboSub/RPI-Core/launch/build/video/install.log --single-version-externally-managed
[5.632s] running egg_info
[5.634s] writing ../build/video/video.egg-info/PKG-INFO
[5.635s] writing dependency_links to ../build/video/video.egg-info/dependency_links.txt
[5.636s] writing entry points to ../build/video/video.egg-info/entry_points.txt
[5.637s] writing requirements to ../build/video/video.egg-info/requires.txt
[5.638s] writing top-level names to ../build/video/video.egg-info/top_level.txt
[5.648s] reading manifest file '../build/video/video.egg-info/SOURCES.txt'
[5.653s] writing manifest file '../build/video/video.egg-info/SOURCES.txt'
[5.654s] running build
[5.655s] running build_py
[5.656s] running install
[5.658s] /usr/lib/python3/dist-packages/setuptools/command/install.py:34: SetuptoolsDeprecationWarning: setup.py install is deprecated. Use build and pip and other standards-based tools.
[5.659s]   warnings.warn(
[5.660s] running install_lib
[5.666s] running install_data
[5.669s] running install_egg_info
[5.676s] removing '/home/robosub/RoboSub/RPI-Core/launch/install/video/lib/python3.10/site-packages/video-0.0.0-py3.10.egg-info' (and everything under it)
[5.678s] Copying ../build/video/video.egg-info to /home/robosub/RoboSub/RPI-Core/launch/install/video/lib/python3.10/site-packages/video-0.0.0-py3.10.egg-info
[5.684s] running install_scripts
[5.784s] Installing video_pub script to /home/robosub/RoboSub/RPI-Core/launch/install/video/lib/video
[5.786s] writing list of installed files to '/home/robosub/RoboSub/RPI-Core/launch/build/video/install.log'
[5.965s] Invoked command in '/home/robosub/RoboSub/RPI-Core/launch/video' returned '0': PYTHONPATH=/home/robosub/RoboSub/RPI-Core/launch/build/video/prefix_override:/home/robosub/RoboSub/RPI-Core/launch/install/video/lib/python3.10/site-packages:${PYTHONPATH} /usr/bin/python3 setup.py egg_info --egg-base ../build/video build --build-base /home/robosub/RoboSub/RPI-Core/launch/build/video/build install --record /home/robosub/RoboSub/RPI-Core/launch/build/video/install.log --single-version-externally-managed
