[8.264s] Invoking command in '/home/robosub/RoboSub/RPI-Core/launch/video': PYTHONPATH=/home/robosub/RoboSub/RPI-Core/launch/build/video/prefix_override:/home/robosub/RoboSub/RPI-Core/launch/install/video/lib/python3.10/site-packages:${PYTHONPATH} /usr/bin/python3 setup.py egg_info --egg-base ../build/video build --build-base /home/robosub/RoboSub/RPI-Core/launch/build/video/build install --record /home/robosub/RoboSub/RPI-Core/launch/build/video/install.log --single-version-externally-managed
[10.617s] running egg_info
[10.630s] writing ../build/video/video.egg-info/PKG-INFO
[10.631s] writing dependency_links to ../build/video/video.egg-info/dependency_links.txt
[10.637s] writing entry points to ../build/video/video.egg-info/entry_points.txt
[10.638s] writing requirements to ../build/video/video.egg-info/requires.txt
[10.639s] writing top-level names to ../build/video/video.egg-info/top_level.txt
[10.644s] reading manifest file '../build/video/video.egg-info/SOURCES.txt'
[10.650s] writing manifest file '../build/video/video.egg-info/SOURCES.txt'
[10.652s] running build
[10.659s] running build_py
[10.661s] running install
[10.663s] /usr/lib/python3/dist-packages/setuptools/command/install.py:34: SetuptoolsDeprecationWarning: setup.py install is deprecated. Use build and pip and other standards-based tools.
[10.664s]   warnings.warn(
[10.667s] running install_lib
[10.668s] running install_data
[10.670s] running install_egg_info
[10.682s] removing '/home/robosub/RoboSub/RPI-Core/launch/install/video/lib/python3.10/site-packages/video-0.0.0-py3.10.egg-info' (and everything under it)
[10.685s] Copying ../build/video/video.egg-info to /home/robosub/RoboSub/RPI-Core/launch/install/video/lib/python3.10/site-packages/video-0.0.0-py3.10.egg-info
[10.696s] running install_scripts
[10.897s] Installing video_pub script to /home/robosub/RoboSub/RPI-Core/launch/install/video/lib/video
[10.900s] writing list of installed files to '/home/robosub/RoboSub/RPI-Core/launch/build/video/install.log'
[11.226s] Invoked command in '/home/robosub/RoboSub/RPI-Core/launch/video' returned '0': PYTHONPATH=/home/robosub/RoboSub/RPI-Core/launch/build/video/prefix_override:/home/robosub/RoboSub/RPI-Core/launch/install/video/lib/python3.10/site-packages:${PYTHONPATH} /usr/bin/python3 setup.py egg_info --egg-base ../build/video build --build-base /home/robosub/RoboSub/RPI-Core/launch/build/video/build install --record /home/robosub/RoboSub/RPI-Core/launch/build/video/install.log --single-version-externally-managed
