[8.275s] Invoking command in '/home/robosub/RoboSub/RPI-Core/launch/video': PYTHONPATH=/home/robosub/RoboSub/RPI-Core/launch/build/video/prefix_override:/home/robosub/RoboSub/RPI-Core/launch/install/video/lib/python3.10/site-packages:${PYTHONPATH} /usr/bin/python3 setup.py egg_info --egg-base ../build/video build --build-base /home/robosub/RoboSub/RPI-Core/launch/build/video/build install --record /home/robosub/RoboSub/RPI-Core/launch/build/video/install.log --single-version-externally-managed
[10.555s] running egg_info
[10.559s] writing ../build/video/video.egg-info/PKG-INFO
[10.560s] writing dependency_links to ../build/video/video.egg-info/dependency_links.txt
[10.561s] writing entry points to ../build/video/video.egg-info/entry_points.txt
[10.563s] writing requirements to ../build/video/video.egg-info/requires.txt
[10.564s] writing top-level names to ../build/video/video.egg-info/top_level.txt
[10.575s] reading manifest file '../build/video/video.egg-info/SOURCES.txt'
[10.581s] writing manifest file '../build/video/video.egg-info/SOURCES.txt'
[10.582s] running build
[10.583s] running build_py
[10.585s] running install
[10.587s] /usr/lib/python3/dist-packages/setuptools/command/install.py:34: SetuptoolsDeprecationWarning: setup.py install is deprecated. Use build and pip and other standards-based tools.
[10.588s]   warnings.warn(
[10.588s] running install_lib
[10.606s] running install_data
[10.609s] running install_egg_info
[10.611s] removing '/home/robosub/RoboSub/RPI-Core/launch/install/video/lib/python3.10/site-packages/video-0.0.0-py3.10.egg-info' (and everything under it)
[10.612s] Copying ../build/video/video.egg-info to /home/robosub/RoboSub/RPI-Core/launch/install/video/lib/python3.10/site-packages/video-0.0.0-py3.10.egg-info
[10.622s] running install_scripts
[10.770s] Installing video_pub script to /home/robosub/RoboSub/RPI-Core/launch/install/video/lib/video
[10.773s] writing list of installed files to '/home/robosub/RoboSub/RPI-Core/launch/build/video/install.log'
[11.104s] Invoked command in '/home/robosub/RoboSub/RPI-Core/launch/video' returned '0': PYTHONPATH=/home/robosub/RoboSub/RPI-Core/launch/build/video/prefix_override:/home/robosub/RoboSub/RPI-Core/launch/install/video/lib/python3.10/site-packages:${PYTHONPATH} /usr/bin/python3 setup.py egg_info --egg-base ../build/video build --build-base /home/robosub/RoboSub/RPI-Core/launch/build/video/build install --record /home/robosub/RoboSub/RPI-Core/launch/build/video/install.log --single-version-externally-managed
