running egg_info
writing ../build/controller/controller.egg-info/PKG-INFO
writing dependency_links to ../build/controller/controller.egg-info/dependency_links.txt
writing entry points to ../build/controller/controller.egg-info/entry_points.txt
writing requirements to ../build/controller/controller.egg-info/requires.txt
writing top-level names to ../build/controller/controller.egg-info/top_level.txt
reading manifest file '../build/controller/controller.egg-info/SOURCES.txt'
writing manifest file '../build/controller/controller.egg-info/SOURCES.txt'
running build
running build_py
copying controller_sub.py -> /home/robosub/RoboSub/RPI-Core/launch/build/controller/build/lib
running install
/usr/lib/python3/dist-packages/setuptools/command/install.py:34: SetuptoolsDeprecationWarning: setup.py install is deprecated. Use build and pip and other standards-based tools.
  warnings.warn(
running install_lib
copying /home/robosub/RoboSub/RPI-Core/launch/build/controller/build/lib/controller_sub.py -> /home/robosub/RoboSub/RPI-Core/launch/install/controller/lib/python3.10/site-packages
byte-compiling /home/robosub/RoboSub/RPI-Core/launch/install/controller/lib/python3.10/site-packages/controller_sub.py to controller_sub.cpython-310.pyc
running install_data
running install_egg_info
removing '/home/robosub/RoboSub/RPI-Core/launch/install/controller/lib/python3.10/site-packages/controller-0.0.0-py3.10.egg-info' (and everything under it)
Copying ../build/controller/controller.egg-info to /home/robosub/RoboSub/RPI-Core/launch/install/controller/lib/python3.10/site-packages/controller-0.0.0-py3.10.egg-info
running install_scripts
Installing controller_sub script to /home/robosub/RoboSub/RPI-Core/launch/install/controller/lib/controller
writing list of installed files to '/home/robosub/RoboSub/RPI-Core/launch/build/controller/install.log'
