[3.367s] Invoking command in '/home/robosub/RoboSub/RPI-Core/launch/video': PYTHONPATH=/home/robosub/RoboSub/RPI-Core/launch/build/video/prefix_override:/home/robosub/RoboSub/RPI-Core/launch/install/video/lib/python3.10/site-packages:${PYTHONPATH} /usr/bin/python3 setup.py egg_info --egg-base ../build/video build --build-base /home/robosub/RoboSub/RPI-Core/launch/build/video/build install --record /home/robosub/RoboSub/RPI-Core/launch/build/video/install.log --single-version-externally-managed
[4.516s] running egg_info
[4.519s] writing ../build/video/video.egg-info/PKG-INFO
[4.520s] writing dependency_links to ../build/video/video.egg-info/dependency_links.txt
[4.521s] writing entry points to ../build/video/video.egg-info/entry_points.txt
[4.522s] writing requirements to ../build/video/video.egg-info/requires.txt
[4.523s] writing top-level names to ../build/video/video.egg-info/top_level.txt
[4.531s] reading manifest file '../build/video/video.egg-info/SOURCES.txt'
[4.535s] writing manifest file '../build/video/video.egg-info/SOURCES.txt'
[4.536s] running build
[4.536s] running build_py
[4.537s] running install
[4.538s] /usr/lib/python3/dist-packages/setuptools/command/install.py:34: SetuptoolsDeprecationWarning: setup.py install is deprecated. Use build and pip and other standards-based tools.
[4.539s]   warnings.warn(
[4.539s] running install_lib
[4.545s] running install_data
[4.547s] copying package.xml -> /home/robosub/RoboSub/RPI-Core/launch/install/video/share/video
[4.548s] running install_egg_info
[4.555s] removing '/home/robosub/RoboSub/RPI-Core/launch/install/video/lib/python3.10/site-packages/video-0.0.0-py3.10.egg-info' (and everything under it)
[4.556s] Copying ../build/video/video.egg-info to /home/robosub/RoboSub/RPI-Core/launch/install/video/lib/python3.10/site-packages/video-0.0.0-py3.10.egg-info
[4.563s] running install_scripts
[4.646s] Installing video_pub script to /home/robosub/RoboSub/RPI-Core/launch/install/video/lib/video
[4.648s] writing list of installed files to '/home/robosub/RoboSub/RPI-Core/launch/build/video/install.log'
[4.781s] Invoked command in '/home/robosub/RoboSub/RPI-Core/launch/video' returned '0': PYTHONPATH=/home/robosub/RoboSub/RPI-Core/launch/build/video/prefix_override:/home/robosub/RoboSub/RPI-Core/launch/install/video/lib/python3.10/site-packages:${PYTHONPATH} /usr/bin/python3 setup.py egg_info --egg-base ../build/video build --build-base /home/robosub/RoboSub/RPI-Core/launch/build/video/build install --record /home/robosub/RoboSub/RPI-Core/launch/build/video/install.log --single-version-externally-managed
