[2.889s] Invoking command in '/home/robosub/RoboSub/RPI-Core/launch/video': PYTHONPATH=/home/robosub/RoboSub/RPI-Core/launch/build/video/prefix_override:/home/robosub/RoboSub/RPI-Core/launch/install/video/lib/python3.10/site-packages:${PYTHONPATH} /usr/bin/python3 setup.py egg_info --egg-base ../build/video build --build-base /home/robosub/RoboSub/RPI-Core/launch/build/video/build install --record /home/robosub/RoboSub/RPI-Core/launch/build/video/install.log --single-version-externally-managed
[4.027s] running egg_info
[4.030s] writing ../build/video/video.egg-info/PKG-INFO
[4.031s] writing dependency_links to ../build/video/video.egg-info/dependency_links.txt
[4.032s] writing entry points to ../build/video/video.egg-info/entry_points.txt
[4.033s] writing requirements to ../build/video/video.egg-info/requires.txt
[4.033s] writing top-level names to ../build/video/video.egg-info/top_level.txt
[4.041s] reading manifest file '../build/video/video.egg-info/SOURCES.txt'
[4.045s] writing manifest file '../build/video/video.egg-info/SOURCES.txt'
[4.045s] running build
[4.046s] running build_py
[4.046s] copying video_publisher.py -> /home/robosub/RoboSub/RPI-Core/launch/build/video/build/lib
[4.048s] running install
[4.049s] /usr/lib/python3/dist-packages/setuptools/command/install.py:34: SetuptoolsDeprecationWarning: setup.py install is deprecated. Use build and pip and other standards-based tools.
[4.049s]   warnings.warn(
[4.050s] running install_lib
[4.055s] copying /home/robosub/RoboSub/RPI-Core/launch/build/video/build/lib/video_publisher.py -> /home/robosub/RoboSub/RPI-Core/launch/install/video/lib/python3.10/site-packages
[4.059s] byte-compiling /home/robosub/RoboSub/RPI-Core/launch/install/video/lib/python3.10/site-packages/video_publisher.py to video_publisher.cpython-310.pyc
[4.061s] running install_data
[4.064s] running install_egg_info
[4.070s] removing '/home/robosub/RoboSub/RPI-Core/launch/install/video/lib/python3.10/site-packages/video-0.0.0-py3.10.egg-info' (and everything under it)
[4.071s] Copying ../build/video/video.egg-info to /home/robosub/RoboSub/RPI-Core/launch/install/video/lib/python3.10/site-packages/video-0.0.0-py3.10.egg-info
[4.076s] running install_scripts
[4.160s] Installing video_pub script to /home/robosub/RoboSub/RPI-Core/launch/install/video/lib/video
[4.161s] writing list of installed files to '/home/robosub/RoboSub/RPI-Core/launch/build/video/install.log'
[4.289s] Invoked command in '/home/robosub/RoboSub/RPI-Core/launch/video' returned '0': PYTHONPATH=/home/robosub/RoboSub/RPI-Core/launch/build/video/prefix_override:/home/robosub/RoboSub/RPI-Core/launch/install/video/lib/python3.10/site-packages:${PYTHONPATH} /usr/bin/python3 setup.py egg_info --egg-base ../build/video build --build-base /home/robosub/RoboSub/RPI-Core/launch/build/video/build install --record /home/robosub/RoboSub/RPI-Core/launch/build/video/install.log --single-version-externally-managed
