[8.250s] Invoking command in '/home/robosub/RoboSub/RPI-Core/launch/video': PYTHONPATH=/home/robosub/RoboSub/RPI-Core/launch/build/video/prefix_override:/home/robosub/RoboSub/RPI-Core/launch/install/video/lib/python3.10/site-packages:${PYTHONPATH} /usr/bin/python3 setup.py egg_info --egg-base ../build/video build --build-base /home/robosub/RoboSub/RPI-Core/launch/build/video/build install --record /home/robosub/RoboSub/RPI-Core/launch/build/video/install.log --single-version-externally-managed
[10.451s] running egg_info
[10.456s] writing ../build/video/video.egg-info/PKG-INFO
[10.457s] writing dependency_links to ../build/video/video.egg-info/dependency_links.txt
[10.458s] writing entry points to ../build/video/video.egg-info/entry_points.txt
[10.459s] writing requirements to ../build/video/video.egg-info/requires.txt
[10.460s] writing top-level names to ../build/video/video.egg-info/top_level.txt
[10.471s] reading manifest file '../build/video/video.egg-info/SOURCES.txt'
[10.477s] writing manifest file '../build/video/video.egg-info/SOURCES.txt'
[10.478s] running build
[10.479s] running build_py
[10.480s] running install
[10.482s] /usr/lib/python3/dist-packages/setuptools/command/install.py:34: SetuptoolsDeprecationWarning: setup.py install is deprecated. Use build and pip and other standards-based tools.
[10.483s]   warnings.warn(
[10.484s] running install_lib
[10.492s] running install_data
[10.496s] running install_egg_info
[10.507s] removing '/home/robosub/RoboSub/RPI-Core/launch/install/video/lib/python3.10/site-packages/video-0.0.0-py3.10.egg-info' (and everything under it)
[10.510s] Copying ../build/video/video.egg-info to /home/robosub/RoboSub/RPI-Core/launch/install/video/lib/python3.10/site-packages/video-0.0.0-py3.10.egg-info
[10.531s] running install_scripts
[10.798s] Installing video_pub script to /home/robosub/RoboSub/RPI-Core/launch/install/video/lib/video
[10.809s] writing list of installed files to '/home/robosub/RoboSub/RPI-Core/launch/build/video/install.log'
[11.109s] Invoked command in '/home/robosub/RoboSub/RPI-Core/launch/video' returned '0': PYTHONPATH=/home/robosub/RoboSub/RPI-Core/launch/build/video/prefix_override:/home/robosub/RoboSub/RPI-Core/launch/install/video/lib/python3.10/site-packages:${PYTHONPATH} /usr/bin/python3 setup.py egg_info --egg-base ../build/video build --build-base /home/robosub/RoboSub/RPI-Core/launch/build/video/build install --record /home/robosub/RoboSub/RPI-Core/launch/build/video/install.log --single-version-externally-managed
