[0.199s] DEBUG:colcon:Command line arguments: ['/usr/bin/colcon', 'build']
[0.199s] DEBUG:colcon:Parsed command line arguments: Namespace(log_base=None, log_level=None, verb_name='build', build_base='build', install_base='install', merge_install=False, symlink_install=False, test_result_base=None, continue_on_error=False, executor='parallel', parallel_workers=8, event_handlers=None, ignore_user_meta=False, metas=['./colcon.meta'], base_paths=['.'], packages_ignore=None, packages_ignore_regex=None, paths=None, packages_up_to=None, packages_up_to_regex=None, packages_above=None, packages_above_and_dependencies=None, packages_above_depth=None, packages_select_by_dep=None, packages_skip_by_dep=None, packages_skip_up_to=None, packages_select_build_failed=False, packages_skip_build_finished=False, packages_select_test_failures=False, packages_skip_test_passed=False, packages_select=None, packages_skip=None, packages_select_regex=None, packages_skip_regex=None, packages_start=None, packages_end=None, allow_overriding=[], cmake_args=None, cmake_target=None, cmake_target_skip_unavailable=False, cmake_clean_cache=False, cmake_clean_first=False, cmake_force_configure=False, ament_cmake_args=None, catkin_cmake_args=None, catkin_skip_building_tests=False, verb_parser=<colcon_defaults.argument_parser.defaults.DefaultArgumentsDecorator object at 0x7fdcbfc94f10>, verb_extension=<colcon_core.verb.build.BuildVerb object at 0x7fdcc04aae00>, main=<bound method BuildVerb.main of <colcon_core.verb.build.BuildVerb object at 0x7fdcc04aae00>>)
[0.221s] Level 1:colcon.colcon_core.package_discovery:discover_packages(colcon_meta) check parameters
[0.221s] Level 1:colcon.colcon_core.package_discovery:discover_packages(recursive) check parameters
[0.221s] Level 1:colcon.colcon_core.package_discovery:discover_packages(ignore) check parameters
[0.221s] Level 1:colcon.colcon_core.package_discovery:discover_packages(path) check parameters
[0.221s] Level 1:colcon.colcon_core.package_discovery:discover_packages(colcon_meta) discover
[0.221s] Level 1:colcon.colcon_core.package_discovery:discover_packages(recursive) discover
[0.221s] INFO:colcon.colcon_core.package_discovery:Crawling recursively for packages in '/home/farhan/RoboSub/RPI-Core/launch'
[0.221s] Level 1:colcon.colcon_core.package_identification:_identify(.) by extensions ['ignore', 'ignore_ament_install']
[0.221s] Level 1:colcon.colcon_core.package_identification:_identify(.) by extension 'ignore'
[0.221s] Level 1:colcon.colcon_core.package_identification:_identify(.) by extension 'ignore_ament_install'
[0.221s] Level 1:colcon.colcon_core.package_identification:_identify(.) by extensions ['colcon_pkg']
[0.221s] Level 1:colcon.colcon_core.package_identification:_identify(.) by extension 'colcon_pkg'
[0.221s] Level 1:colcon.colcon_core.package_identification:_identify(.) by extensions ['colcon_meta']
[0.221s] Level 1:colcon.colcon_core.package_identification:_identify(.) by extension 'colcon_meta'
[0.221s] Level 1:colcon.colcon_core.package_identification:_identify(.) by extensions ['ros']
[0.221s] Level 1:colcon.colcon_core.package_identification:_identify(.) by extension 'ros'
[0.229s] Level 1:colcon.colcon_core.package_identification:_identify(.) by extensions ['cmake', 'python']
[0.229s] Level 1:colcon.colcon_core.package_identification:_identify(.) by extension 'cmake'
[0.229s] Level 1:colcon.colcon_core.package_identification:_identify(.) by extension 'python'
[0.229s] Level 1:colcon.colcon_core.package_identification:_identify(.) by extensions ['python_setup_py']
[0.229s] Level 1:colcon.colcon_core.package_identification:_identify(.) by extension 'python_setup_py'
[0.229s] Level 1:colcon.colcon_core.package_identification:_identify(build) by extensions ['ignore', 'ignore_ament_install']
[0.229s] Level 1:colcon.colcon_core.package_identification:_identify(build) by extension 'ignore'
[0.229s] Level 1:colcon.colcon_core.package_identification:_identify(build) ignored
[0.229s] Level 1:colcon.colcon_core.package_identification:_identify(controller) by extensions ['ignore', 'ignore_ament_install']
[0.229s] Level 1:colcon.colcon_core.package_identification:_identify(controller) by extension 'ignore'
[0.229s] Level 1:colcon.colcon_core.package_identification:_identify(controller) by extension 'ignore_ament_install'
[0.229s] Level 1:colcon.colcon_core.package_identification:_identify(controller) by extensions ['colcon_pkg']
[0.229s] Level 1:colcon.colcon_core.package_identification:_identify(controller) by extension 'colcon_pkg'
[0.229s] Level 1:colcon.colcon_core.package_identification:_identify(controller) by extensions ['colcon_meta']
[0.229s] Level 1:colcon.colcon_core.package_identification:_identify(controller) by extension 'colcon_meta'
[0.229s] Level 1:colcon.colcon_core.package_identification:_identify(controller) by extensions ['ros']
[0.229s] Level 1:colcon.colcon_core.package_identification:_identify(controller) by extension 'ros'
[0.231s] DEBUG:colcon.colcon_core.package_identification:Package 'controller' with type 'ros.ament_python' and name 'controller'
[0.231s] Level 1:colcon.colcon_core.package_identification:_identify(install) by extensions ['ignore', 'ignore_ament_install']
[0.231s] Level 1:colcon.colcon_core.package_identification:_identify(install) by extension 'ignore'
[0.231s] Level 1:colcon.colcon_core.package_identification:_identify(install) ignored
[0.231s] Level 1:colcon.colcon_core.package_identification:_identify(log) by extensions ['ignore', 'ignore_ament_install']
[0.231s] Level 1:colcon.colcon_core.package_identification:_identify(log) by extension 'ignore'
[0.231s] Level 1:colcon.colcon_core.package_identification:_identify(log) ignored
[0.231s] Level 1:colcon.colcon_core.package_identification:_identify(video) by extensions ['ignore', 'ignore_ament_install']
[0.231s] Level 1:colcon.colcon_core.package_identification:_identify(video) by extension 'ignore'
[0.231s] Level 1:colcon.colcon_core.package_identification:_identify(video) by extension 'ignore_ament_install'
[0.231s] Level 1:colcon.colcon_core.package_identification:_identify(video) by extensions ['colcon_pkg']
[0.231s] Level 1:colcon.colcon_core.package_identification:_identify(video) by extension 'colcon_pkg'
[0.231s] Level 1:colcon.colcon_core.package_identification:_identify(video) by extensions ['colcon_meta']
[0.231s] Level 1:colcon.colcon_core.package_identification:_identify(video) by extension 'colcon_meta'
[0.232s] Level 1:colcon.colcon_core.package_identification:_identify(video) by extensions ['ros']
[0.232s] Level 1:colcon.colcon_core.package_identification:_identify(video) by extension 'ros'
[0.232s] DEBUG:colcon.colcon_core.package_identification:Package 'video' with type 'ros.ament_python' and name 'video'
[0.232s] Level 1:colcon.colcon_core.package_discovery:discover_packages(recursive) using defaults
[0.232s] Level 1:colcon.colcon_core.package_discovery:discover_packages(ignore) discover
[0.232s] Level 1:colcon.colcon_core.package_discovery:discover_packages(ignore) using defaults
[0.232s] Level 1:colcon.colcon_core.package_discovery:discover_packages(path) discover
[0.232s] Level 1:colcon.colcon_core.package_discovery:discover_packages(path) using defaults
[0.247s] Level 1:colcon.colcon_core.package_discovery:discover_packages(prefix_path) check parameters
[0.247s] Level 1:colcon.colcon_core.package_discovery:discover_packages(prefix_path) discover
[0.249s] DEBUG:colcon.colcon_installed_package_information.package_discovery:Found 270 installed packages in /opt/ros/humble
[0.250s] Level 1:colcon.colcon_core.package_discovery:discover_packages(prefix_path) using defaults
[0.285s] Level 5:colcon.colcon_core.verb:set package 'controller' build argument 'cmake_args' from command line to 'None'
[0.285s] Level 5:colcon.colcon_core.verb:set package 'controller' build argument 'cmake_target' from command line to 'None'
[0.285s] Level 5:colcon.colcon_core.verb:set package 'controller' build argument 'cmake_target_skip_unavailable' from command line to 'False'
[0.285s] Level 5:colcon.colcon_core.verb:set package 'controller' build argument 'cmake_clean_cache' from command line to 'False'
[0.285s] Level 5:colcon.colcon_core.verb:set package 'controller' build argument 'cmake_clean_first' from command line to 'False'
[0.285s] Level 5:colcon.colcon_core.verb:set package 'controller' build argument 'cmake_force_configure' from command line to 'False'
[0.285s] Level 5:colcon.colcon_core.verb:set package 'controller' build argument 'ament_cmake_args' from command line to 'None'
[0.285s] Level 5:colcon.colcon_core.verb:set package 'controller' build argument 'catkin_cmake_args' from command line to 'None'
[0.285s] Level 5:colcon.colcon_core.verb:set package 'controller' build argument 'catkin_skip_building_tests' from command line to 'False'
[0.285s] DEBUG:colcon.colcon_core.verb:Building package 'controller' with the following arguments: {'ament_cmake_args': None, 'build_base': '/home/farhan/RoboSub/RPI-Core/launch/build/controller', 'catkin_cmake_args': None, 'catkin_skip_building_tests': False, 'cmake_args': None, 'cmake_clean_cache': False, 'cmake_clean_first': False, 'cmake_force_configure': False, 'cmake_target': None, 'cmake_target_skip_unavailable': False, 'install_base': '/home/farhan/RoboSub/RPI-Core/launch/install/controller', 'merge_install': False, 'path': '/home/farhan/RoboSub/RPI-Core/launch/controller', 'symlink_install': False, 'test_result_base': None}
[0.286s] Level 5:colcon.colcon_core.verb:set package 'video' build argument 'cmake_args' from command line to 'None'
[0.286s] Level 5:colcon.colcon_core.verb:set package 'video' build argument 'cmake_target' from command line to 'None'
[0.286s] Level 5:colcon.colcon_core.verb:set package 'video' build argument 'cmake_target_skip_unavailable' from command line to 'False'
[0.286s] Level 5:colcon.colcon_core.verb:set package 'video' build argument 'cmake_clean_cache' from command line to 'False'
[0.286s] Level 5:colcon.colcon_core.verb:set package 'video' build argument 'cmake_clean_first' from command line to 'False'
[0.286s] Level 5:colcon.colcon_core.verb:set package 'video' build argument 'cmake_force_configure' from command line to 'False'
[0.286s] Level 5:colcon.colcon_core.verb:set package 'video' build argument 'ament_cmake_args' from command line to 'None'
[0.286s] Level 5:colcon.colcon_core.verb:set package 'video' build argument 'catkin_cmake_args' from command line to 'None'
[0.286s] Level 5:colcon.colcon_core.verb:set package 'video' build argument 'catkin_skip_building_tests' from command line to 'False'
[0.286s] DEBUG:colcon.colcon_core.verb:Building package 'video' with the following arguments: {'ament_cmake_args': None, 'build_base': '/home/farhan/RoboSub/RPI-Core/launch/build/video', 'catkin_cmake_args': None, 'catkin_skip_building_tests': False, 'cmake_args': None, 'cmake_clean_cache': False, 'cmake_clean_first': False, 'cmake_force_configure': False, 'cmake_target': None, 'cmake_target_skip_unavailable': False, 'install_base': '/home/farhan/RoboSub/RPI-Core/launch/install/video', 'merge_install': False, 'path': '/home/farhan/RoboSub/RPI-Core/launch/video', 'symlink_install': False, 'test_result_base': None}
[0.287s] INFO:colcon.colcon_core.executor:Executing jobs using 'parallel' executor
[0.289s] DEBUG:colcon.colcon_parallel_executor.executor.parallel:run_until_complete
[0.289s] INFO:colcon.colcon_ros.task.ament_python.build:Building ROS package in '/home/farhan/RoboSub/RPI-Core/launch/controller' with build type 'ament_python'
[0.289s] Level 1:colcon.colcon_core.shell:create_environment_hook('controller', 'ament_prefix_path')
[0.292s] INFO:colcon.colcon_core.plugin_system:Skipping extension 'colcon_core.shell.bat': Not used on non-Windows systems
[0.292s] INFO:colcon.colcon_core.shell:Creating environment hook '/home/farhan/RoboSub/RPI-Core/launch/install/controller/share/controller/hook/ament_prefix_path.ps1'
[0.292s] INFO:colcon.colcon_core.shell:Creating environment descriptor '/home/farhan/RoboSub/RPI-Core/launch/install/controller/share/controller/hook/ament_prefix_path.dsv'
[0.292s] INFO:colcon.colcon_core.shell:Creating environment hook '/home/farhan/RoboSub/RPI-Core/launch/install/controller/share/controller/hook/ament_prefix_path.sh'
[0.293s] INFO:colcon.colcon_core.shell:Skip shell extension 'powershell' for command environment: Not usable outside of PowerShell
[0.293s] DEBUG:colcon.colcon_core.shell:Skip shell extension 'dsv' for command environment
[0.296s] INFO:colcon.colcon_ros.task.ament_python.build:Building ROS package in '/home/farhan/RoboSub/RPI-Core/launch/video' with build type 'ament_python'
[0.296s] Level 1:colcon.colcon_core.shell:create_environment_hook('video', 'ament_prefix_path')
[0.297s] INFO:colcon.colcon_core.shell:Creating environment hook '/home/farhan/RoboSub/RPI-Core/launch/install/video/share/video/hook/ament_prefix_path.ps1'
[0.297s] INFO:colcon.colcon_core.shell:Creating environment descriptor '/home/farhan/RoboSub/RPI-Core/launch/install/video/share/video/hook/ament_prefix_path.dsv'
[0.298s] INFO:colcon.colcon_core.shell:Creating environment hook '/home/farhan/RoboSub/RPI-Core/launch/install/video/share/video/hook/ament_prefix_path.sh'
[0.298s] INFO:colcon.colcon_core.shell:Skip shell extension 'powershell' for command environment: Not usable outside of PowerShell
[0.298s] DEBUG:colcon.colcon_core.shell:Skip shell extension 'dsv' for command environment
[0.462s] INFO:colcon.colcon_core.task.python.build:Building Python package in '/home/farhan/RoboSub/RPI-Core/launch/controller'
[0.463s] INFO:colcon.colcon_core.shell:Skip shell extension 'powershell' for command environment: Not usable outside of PowerShell
[0.463s] DEBUG:colcon.colcon_core.shell:Skip shell extension 'dsv' for command environment
[0.627s] INFO:colcon.colcon_core.task.python.build:Building Python package in '/home/farhan/RoboSub/RPI-Core/launch/video'
[0.628s] INFO:colcon.colcon_core.shell:Skip shell extension 'powershell' for command environment: Not usable outside of PowerShell
[0.629s] DEBUG:colcon.colcon_core.shell:Skip shell extension 'dsv' for command environment
[0.878s] DEBUG:colcon.colcon_core.event_handler.log_command:Invoking command in '/home/farhan/RoboSub/RPI-Core/launch/video': CONDA_PROMPT_MODIFIER=(base) PYTHONPATH=/home/farhan/RoboSub/RPI-Core/launch/build/video/prefix_override:/home/farhan/RoboSub/RPI-Core/launch/install/video/lib/python3.10/site-packages:${PYTHONPATH} /usr/bin/python3 setup.py egg_info --egg-base ../build/video build --build-base /home/farhan/RoboSub/RPI-Core/launch/build/video/build install --record /home/farhan/RoboSub/RPI-Core/launch/build/video/install.log --single-version-externally-managed
[0.878s] DEBUG:colcon.colcon_core.event_handler.log_command:Invoking command in '/home/farhan/RoboSub/RPI-Core/launch/controller': CONDA_PROMPT_MODIFIER=(base) PYTHONPATH=/home/farhan/RoboSub/RPI-Core/launch/build/controller/prefix_override:/home/farhan/RoboSub/RPI-Core/launch/install/controller/lib/python3.10/site-packages:${PYTHONPATH} /usr/bin/python3 setup.py egg_info --egg-base ../build/controller build --build-base /home/farhan/RoboSub/RPI-Core/launch/build/controller/build install --record /home/farhan/RoboSub/RPI-Core/launch/build/controller/install.log --single-version-externally-managed
[1.081s] DEBUG:colcon.colcon_core.event_handler.log_command:Invoked command in '/home/farhan/RoboSub/RPI-Core/launch/controller' returned '0': CONDA_PROMPT_MODIFIER=(base) PYTHONPATH=/home/farhan/RoboSub/RPI-Core/launch/build/controller/prefix_override:/home/farhan/RoboSub/RPI-Core/launch/install/controller/lib/python3.10/site-packages:${PYTHONPATH} /usr/bin/python3 setup.py egg_info --egg-base ../build/controller build --build-base /home/farhan/RoboSub/RPI-Core/launch/build/controller/build install --record /home/farhan/RoboSub/RPI-Core/launch/build/controller/install.log --single-version-externally-managed
[1.084s] Level 1:colcon.colcon_core.environment:checking '/home/farhan/RoboSub/RPI-Core/launch/install/controller' for CMake module files
[1.084s] Level 1:colcon.colcon_core.environment:checking '/home/farhan/RoboSub/RPI-Core/launch/install/controller' for CMake config files
[1.084s] Level 1:colcon.colcon_core.environment:checking '/home/farhan/RoboSub/RPI-Core/launch/install/controller/lib'
[1.085s] Level 1:colcon.colcon_core.environment:checking '/home/farhan/RoboSub/RPI-Core/launch/install/controller/bin'
[1.085s] Level 1:colcon.colcon_core.environment:checking '/home/farhan/RoboSub/RPI-Core/launch/install/controller/lib/pkgconfig/controller.pc'
[1.085s] Level 1:colcon.colcon_core.environment:checking '/home/farhan/RoboSub/RPI-Core/launch/install/controller/lib/python3.10/site-packages'
[1.085s] Level 1:colcon.colcon_core.shell:create_environment_hook('controller', 'pythonpath')
[1.086s] INFO:colcon.colcon_core.shell:Creating environment hook '/home/farhan/RoboSub/RPI-Core/launch/install/controller/share/controller/hook/pythonpath.ps1'
[1.086s] INFO:colcon.colcon_core.shell:Creating environment descriptor '/home/farhan/RoboSub/RPI-Core/launch/install/controller/share/controller/hook/pythonpath.dsv'
[1.086s] INFO:colcon.colcon_core.shell:Creating environment hook '/home/farhan/RoboSub/RPI-Core/launch/install/controller/share/controller/hook/pythonpath.sh'
[1.087s] Level 1:colcon.colcon_core.environment:checking '/home/farhan/RoboSub/RPI-Core/launch/install/controller/bin'
[1.087s] Level 1:colcon.colcon_core.environment:create_environment_scripts_only(controller)
[1.088s] INFO:colcon.colcon_core.shell:Creating package script '/home/farhan/RoboSub/RPI-Core/launch/install/controller/share/controller/package.ps1'
[1.088s] INFO:colcon.colcon_core.shell:Creating package descriptor '/home/farhan/RoboSub/RPI-Core/launch/install/controller/share/controller/package.dsv'
[1.088s] INFO:colcon.colcon_core.shell:Creating package script '/home/farhan/RoboSub/RPI-Core/launch/install/controller/share/controller/package.sh'
[1.089s] INFO:colcon.colcon_core.shell:Creating package script '/home/farhan/RoboSub/RPI-Core/launch/install/controller/share/controller/package.bash'
[1.089s] INFO:colcon.colcon_core.shell:Creating package script '/home/farhan/RoboSub/RPI-Core/launch/install/controller/share/controller/package.zsh'
[1.089s] Level 1:colcon.colcon_core.environment:create_file_with_runtime_dependencies(/home/farhan/RoboSub/RPI-Core/launch/install/controller/share/colcon-core/packages/controller)
[1.091s] Level 1:colcon.colcon_core.environment:checking '/home/farhan/RoboSub/RPI-Core/launch/install/video' for CMake module files
[1.092s] Level 1:colcon.colcon_core.environment:checking '/home/farhan/RoboSub/RPI-Core/launch/install/video' for CMake config files
[1.092s] DEBUG:colcon.colcon_core.event_handler.log_command:Invoked command in '/home/farhan/RoboSub/RPI-Core/launch/video' returned '0': CONDA_PROMPT_MODIFIER=(base) PYTHONPATH=/home/farhan/RoboSub/RPI-Core/launch/build/video/prefix_override:/home/farhan/RoboSub/RPI-Core/launch/install/video/lib/python3.10/site-packages:${PYTHONPATH} /usr/bin/python3 setup.py egg_info --egg-base ../build/video build --build-base /home/farhan/RoboSub/RPI-Core/launch/build/video/build install --record /home/farhan/RoboSub/RPI-Core/launch/build/video/install.log --single-version-externally-managed
[1.093s] Level 1:colcon.colcon_core.environment:checking '/home/farhan/RoboSub/RPI-Core/launch/install/video/lib'
[1.093s] Level 1:colcon.colcon_core.environment:checking '/home/farhan/RoboSub/RPI-Core/launch/install/video/bin'
[1.093s] Level 1:colcon.colcon_core.environment:checking '/home/farhan/RoboSub/RPI-Core/launch/install/video/lib/pkgconfig/video.pc'
[1.093s] Level 1:colcon.colcon_core.environment:checking '/home/farhan/RoboSub/RPI-Core/launch/install/video/lib/python3.10/site-packages'
[1.093s] Level 1:colcon.colcon_core.shell:create_environment_hook('video', 'pythonpath')
[1.094s] INFO:colcon.colcon_core.shell:Creating environment hook '/home/farhan/RoboSub/RPI-Core/launch/install/video/share/video/hook/pythonpath.ps1'
[1.094s] INFO:colcon.colcon_core.shell:Creating environment descriptor '/home/farhan/RoboSub/RPI-Core/launch/install/video/share/video/hook/pythonpath.dsv'
[1.094s] INFO:colcon.colcon_core.shell:Creating environment hook '/home/farhan/RoboSub/RPI-Core/launch/install/video/share/video/hook/pythonpath.sh'
[1.094s] Level 1:colcon.colcon_core.environment:checking '/home/farhan/RoboSub/RPI-Core/launch/install/video/bin'
[1.094s] Level 1:colcon.colcon_core.environment:create_environment_scripts_only(video)
[1.095s] INFO:colcon.colcon_core.shell:Creating package script '/home/farhan/RoboSub/RPI-Core/launch/install/video/share/video/package.ps1'
[1.096s] INFO:colcon.colcon_core.shell:Creating package descriptor '/home/farhan/RoboSub/RPI-Core/launch/install/video/share/video/package.dsv'
[1.096s] INFO:colcon.colcon_core.shell:Creating package script '/home/farhan/RoboSub/RPI-Core/launch/install/video/share/video/package.sh'
[1.096s] INFO:colcon.colcon_core.shell:Creating package script '/home/farhan/RoboSub/RPI-Core/launch/install/video/share/video/package.bash'
[1.096s] INFO:colcon.colcon_core.shell:Creating package script '/home/farhan/RoboSub/RPI-Core/launch/install/video/share/video/package.zsh'
[1.096s] Level 1:colcon.colcon_core.environment:create_file_with_runtime_dependencies(/home/farhan/RoboSub/RPI-Core/launch/install/video/share/colcon-core/packages/video)
[1.097s] DEBUG:colcon.colcon_parallel_executor.executor.parallel:closing loop
[1.097s] DEBUG:colcon.colcon_parallel_executor.executor.parallel:loop closed
[1.097s] DEBUG:colcon.colcon_parallel_executor.executor.parallel:run_until_complete finished with '0'
[1.097s] DEBUG:colcon.colcon_core.event_reactor:joining thread
[1.100s] INFO:colcon.colcon_core.plugin_system:Skipping extension 'colcon_notification.desktop_notification.terminal_notifier': Not used on non-Darwin systems
[1.101s] INFO:colcon.colcon_core.plugin_system:Skipping extension 'colcon_notification.desktop_notification.win32': Not used on non-Windows systems
[1.101s] INFO:colcon.colcon_notification.desktop_notification:Sending desktop notification using 'notify2'
[1.111s] DEBUG:colcon.colcon_core.event_reactor:joined thread
[1.112s] INFO:colcon.colcon_core.shell:Creating prefix script '/home/farhan/RoboSub/RPI-Core/launch/install/local_setup.ps1'
[1.114s] INFO:colcon.colcon_core.shell:Creating prefix util module '/home/farhan/RoboSub/RPI-Core/launch/install/_local_setup_util_ps1.py'
[1.115s] INFO:colcon.colcon_core.shell:Creating prefix chain script '/home/farhan/RoboSub/RPI-Core/launch/install/setup.ps1'
[1.116s] INFO:colcon.colcon_core.shell:Creating prefix script '/home/farhan/RoboSub/RPI-Core/launch/install/local_setup.sh'
[1.116s] INFO:colcon.colcon_core.shell:Creating prefix util module '/home/farhan/RoboSub/RPI-Core/launch/install/_local_setup_util_sh.py'
[1.116s] INFO:colcon.colcon_core.shell:Creating prefix chain script '/home/farhan/RoboSub/RPI-Core/launch/install/setup.sh'
[1.118s] INFO:colcon.colcon_core.shell:Creating prefix script '/home/farhan/RoboSub/RPI-Core/launch/install/local_setup.bash'
[1.118s] INFO:colcon.colcon_core.shell:Creating prefix chain script '/home/farhan/RoboSub/RPI-Core/launch/install/setup.bash'
[1.119s] INFO:colcon.colcon_core.shell:Creating prefix script '/home/farhan/RoboSub/RPI-Core/launch/install/local_setup.zsh'
[1.119s] INFO:colcon.colcon_core.shell:Creating prefix chain script '/home/farhan/RoboSub/RPI-Core/launch/install/setup.zsh'
