running egg_info
creating ../build/controller/controller.egg-info
writing ../build/controller/controller.egg-info/PKG-INFO
writing dependency_links to ../build/controller/controller.egg-info/dependency_links.txt
writing entry points to ../build/controller/controller.egg-info/entry_points.txt
writing requirements to ../build/controller/controller.egg-info/requires.txt
writing top-level names to ../build/controller/controller.egg-info/top_level.txt
writing manifest file '../build/controller/controller.egg-info/SOURCES.txt'
reading manifest file '../build/controller/controller.egg-info/SOURCES.txt'
writing manifest file '../build/controller/controller.egg-info/SOURCES.txt'
running build
running build_py
creating /home/farhan/RoboSub/RPI-Core/launch/build/controller/build
creating /home/farhan/RoboSub/RPI-Core/launch/build/controller/build/lib
copying controller_sub.py -> /home/farhan/RoboSub/RPI-Core/launch/build/controller/build/lib
creating /home/farhan/RoboSub/RPI-Core/launch/build/controller/build/lib/controller
copying controller/__init__.py -> /home/farhan/RoboSub/RPI-Core/launch/build/controller/build/lib/controller
running install
/usr/lib/python3/dist-packages/setuptools/command/install.py:34: SetuptoolsDeprecationWarning: setup.py install is deprecated. Use build and pip and other standards-based tools.
  warnings.warn(
running install_lib
creating /home/farhan/RoboSub/RPI-Core/launch/install/controller/lib/python3.10/site-packages/controller
copying /home/farhan/RoboSub/RPI-Core/launch/build/controller/build/lib/controller/__init__.py -> /home/farhan/RoboSub/RPI-Core/launch/install/controller/lib/python3.10/site-packages/controller
copying /home/farhan/RoboSub/RPI-Core/launch/build/controller/build/lib/controller_sub.py -> /home/farhan/RoboSub/RPI-Core/launch/install/controller/lib/python3.10/site-packages
byte-compiling /home/farhan/RoboSub/RPI-Core/launch/install/controller/lib/python3.10/site-packages/controller/__init__.py to __init__.cpython-310.pyc
byte-compiling /home/farhan/RoboSub/RPI-Core/launch/install/controller/lib/python3.10/site-packages/controller_sub.py to controller_sub.cpython-310.pyc
running install_data
creating /home/farhan/RoboSub/RPI-Core/launch/install/controller/share/ament_index
creating /home/farhan/RoboSub/RPI-Core/launch/install/controller/share/ament_index/resource_index
creating /home/farhan/RoboSub/RPI-Core/launch/install/controller/share/ament_index/resource_index/packages
copying resource/controller -> /home/farhan/RoboSub/RPI-Core/launch/install/controller/share/ament_index/resource_index/packages
copying package.xml -> /home/farhan/RoboSub/RPI-Core/launch/install/controller/share/controller
running install_egg_info
Copying ../build/controller/controller.egg-info to /home/farhan/RoboSub/RPI-Core/launch/install/controller/lib/python3.10/site-packages/controller-0.0.0-py3.10.egg-info
running install_scripts
Installing controller_sub script to /home/farhan/RoboSub/RPI-Core/launch/install/controller/lib/controller
writing list of installed files to '/home/farhan/RoboSub/RPI-Core/launch/build/controller/install.log'
