[4.751s] Invoking command in '/home/robosub/RoboSub/RPI-Core/launch/video': PYTHONPATH=/home/robosub/RoboSub/RPI-Core/launch/build/video/prefix_override:/home/robosub/RoboSub/RPI-Core/launch/install/video/lib/python3.10/site-packages:${PYTHONPATH} /usr/bin/python3 setup.py egg_info --egg-base ../build/video build --build-base /home/robosub/RoboSub/RPI-Core/launch/build/video/build install --record /home/robosub/RoboSub/RPI-Core/launch/build/video/install.log --single-version-externally-managed
[6.057s] running egg_info
[6.060s] writing ../build/video/video.egg-info/PKG-INFO
[6.061s] writing dependency_links to ../build/video/video.egg-info/dependency_links.txt
[6.062s] writing entry points to ../build/video/video.egg-info/entry_points.txt
[6.063s] writing requirements to ../build/video/video.egg-info/requires.txt
[6.064s] writing top-level names to ../build/video/video.egg-info/top_level.txt
[6.072s] reading manifest file '../build/video/video.egg-info/SOURCES.txt'
[6.076s] writing manifest file '../build/video/video.egg-info/SOURCES.txt'
[6.077s] running build
[6.077s] running build_py
[6.079s] running install
[6.080s] /usr/lib/python3/dist-packages/setuptools/command/install.py:34: SetuptoolsDeprecationWarning: setup.py install is deprecated. Use build and pip and other standards-based tools.
[6.080s]   warnings.warn(
[6.081s] running install_lib
[6.089s] running install_data
[6.091s] running install_egg_info
[6.099s] removing '/home/robosub/RoboSub/RPI-Core/launch/install/video/lib/python3.10/site-packages/video-0.0.0-py3.10.egg-info' (and everything under it)
[6.100s] Copying ../build/video/video.egg-info to /home/robosub/RoboSub/RPI-Core/launch/install/video/lib/python3.10/site-packages/video-0.0.0-py3.10.egg-info
[6.107s] running install_scripts
[6.203s] Installing video_pub script to /home/robosub/RoboSub/RPI-Core/launch/install/video/lib/video
[6.205s] writing list of installed files to '/home/robosub/RoboSub/RPI-Core/launch/build/video/install.log'
[6.387s] Invoked command in '/home/robosub/RoboSub/RPI-Core/launch/video' returned '0': PYTHONPATH=/home/robosub/RoboSub/RPI-Core/launch/build/video/prefix_override:/home/robosub/RoboSub/RPI-Core/launch/install/video/lib/python3.10/site-packages:${PYTHONPATH} /usr/bin/python3 setup.py egg_info --egg-base ../build/video build --build-base /home/robosub/RoboSub/RPI-Core/launch/build/video/build install --record /home/robosub/RoboSub/RPI-Core/launch/build/video/install.log --single-version-externally-managed
