[2.826s] Invoking command in '/home/robosub/RoboSub/RPI-Core/launch/video': PYTHONPATH=/home/robosub/RoboSub/RPI-Core/launch/build/video/prefix_override:/home/robosub/RoboSub/RPI-Core/launch/install/video/lib/python3.10/site-packages:${PYTHONPATH} /usr/bin/python3 setup.py egg_info --egg-base ../build/video build --build-base /home/robosub/RoboSub/RPI-Core/launch/build/video/build install --record /home/robosub/RoboSub/RPI-Core/launch/build/video/install.log --single-version-externally-managed
[3.993s] running egg_info
[3.996s] writing ../build/video/video.egg-info/PKG-INFO
[3.997s] writing dependency_links to ../build/video/video.egg-info/dependency_links.txt
[3.998s] writing entry points to ../build/video/video.egg-info/entry_points.txt
[3.998s] writing requirements to ../build/video/video.egg-info/requires.txt
[3.999s] writing top-level names to ../build/video/video.egg-info/top_level.txt
[4.007s] reading manifest file '../build/video/video.egg-info/SOURCES.txt'
[4.010s] writing manifest file '../build/video/video.egg-info/SOURCES.txt'
[4.011s] running build
[4.011s] running build_py
[4.012s] running install
[4.013s] /usr/lib/python3/dist-packages/setuptools/command/install.py:34: SetuptoolsDeprecationWarning: setup.py install is deprecated. Use build and pip and other standards-based tools.
[4.013s]   warnings.warn(
[4.014s] running install_lib
[4.019s] running install_data
[4.022s] running install_egg_info
[4.028s] removing '/home/robosub/RoboSub/RPI-Core/launch/install/video/lib/python3.10/site-packages/video-0.0.0-py3.10.egg-info' (and everything under it)
[4.030s] Copying ../build/video/video.egg-info to /home/robosub/RoboSub/RPI-Core/launch/install/video/lib/python3.10/site-packages/video-0.0.0-py3.10.egg-info
[4.035s] running install_scripts
[4.119s] writing list of installed files to '/home/robosub/RoboSub/RPI-Core/launch/build/video/install.log'
[4.246s] Invoked command in '/home/robosub/RoboSub/RPI-Core/launch/video' returned '0': PYTHONPATH=/home/robosub/RoboSub/RPI-Core/launch/build/video/prefix_override:/home/robosub/RoboSub/RPI-Core/launch/install/video/lib/python3.10/site-packages:${PYTHONPATH} /usr/bin/python3 setup.py egg_info --egg-base ../build/video build --build-base /home/robosub/RoboSub/RPI-Core/launch/build/video/build install --record /home/robosub/RoboSub/RPI-Core/launch/build/video/install.log --single-version-externally-managed
