[7.460s] Invoking command in '/home/robosub/RoboSub/RPI-Core/launch/controller': PYTHONPATH=/home/robosub/RoboSub/RPI-Core/launch/build/controller/prefix_override:/home/robosub/RoboSub/RPI-Core/launch/install/controller/lib/python3.10/site-packages:${PYTHONPATH} /usr/bin/python3 setup.py egg_info --egg-base ../build/controller build --build-base /home/robosub/RoboSub/RPI-Core/launch/build/controller/build install --record /home/robosub/RoboSub/RPI-Core/launch/build/controller/install.log --single-version-externally-managed
[9.631s] running egg_info
[9.634s] writing ../build/controller/controller.egg-info/PKG-INFO
[9.636s] writing dependency_links to ../build/controller/controller.egg-info/dependency_links.txt
[9.637s] writing entry points to ../build/controller/controller.egg-info/entry_points.txt
[9.638s] writing requirements to ../build/controller/controller.egg-info/requires.txt
[9.639s] writing top-level names to ../build/controller/controller.egg-info/top_level.txt
[9.650s] reading manifest file '../build/controller/controller.egg-info/SOURCES.txt'
[9.656s] writing manifest file '../build/controller/controller.egg-info/SOURCES.txt'
[9.657s] running build
[9.657s] running build_py
[9.658s] copying controller_sub.py -> /home/robosub/RoboSub/RPI-Core/launch/build/controller/build/lib
[9.659s] running install
[9.661s] /usr/lib/python3/dist-packages/setuptools/command/install.py:34: SetuptoolsDeprecationWarning: setup.py install is deprecated. Use build and pip and other standards-based tools.
[9.662s]   warnings.warn(
[9.663s] running install_lib
[9.667s] copying /home/robosub/RoboSub/RPI-Core/launch/build/controller/build/lib/controller_sub.py -> /home/robosub/RoboSub/RPI-Core/launch/install/controller/lib/python3.10/site-packages
[9.672s] byte-compiling /home/robosub/RoboSub/RPI-Core/launch/install/controller/lib/python3.10/site-packages/controller_sub.py to controller_sub.cpython-310.pyc
[9.677s] running install_data
[9.680s] running install_egg_info
[9.689s] removing '/home/robosub/RoboSub/RPI-Core/launch/install/controller/lib/python3.10/site-packages/controller-0.0.0-py3.10.egg-info' (and everything under it)
[9.692s] Copying ../build/controller/controller.egg-info to /home/robosub/RoboSub/RPI-Core/launch/install/controller/lib/python3.10/site-packages/controller-0.0.0-py3.10.egg-info
[9.704s] running install_scripts
[9.823s] Installing controller_sub script to /home/robosub/RoboSub/RPI-Core/launch/install/controller/lib/controller
[9.826s] writing list of installed files to '/home/robosub/RoboSub/RPI-Core/launch/build/controller/install.log'
[10.010s] Invoked command in '/home/robosub/RoboSub/RPI-Core/launch/controller' returned '0': PYTHONPATH=/home/robosub/RoboSub/RPI-Core/launch/build/controller/prefix_override:/home/robosub/RoboSub/RPI-Core/launch/install/controller/lib/python3.10/site-packages:${PYTHONPATH} /usr/bin/python3 setup.py egg_info --egg-base ../build/controller build --build-base /home/robosub/RoboSub/RPI-Core/launch/build/controller/build install --record /home/robosub/RoboSub/RPI-Core/launch/build/controller/install.log --single-version-externally-managed
