[2.818s] Invoking command in '/home/robosub/RoboSub/RPI-Core/launch/video': PYTHONPATH=/home/robosub/RoboSub/RPI-Core/launch/build/video/prefix_override:/home/robosub/RoboSub/RPI-Core/launch/install/video/lib/python3.10/site-packages:${PYTHONPATH} /usr/bin/python3 setup.py egg_info --egg-base ../build/video build --build-base /home/robosub/RoboSub/RPI-Core/launch/build/video/build install --record /home/robosub/RoboSub/RPI-Core/launch/build/video/install.log --single-version-externally-managed
[3.932s] running egg_info
[3.934s] writing ../build/video/video.egg-info/PKG-INFO
[3.935s] writing dependency_links to ../build/video/video.egg-info/dependency_links.txt
[3.936s] writing entry points to ../build/video/video.egg-info/entry_points.txt
[3.937s] writing requirements to ../build/video/video.egg-info/requires.txt
[3.938s] writing top-level names to ../build/video/video.egg-info/top_level.txt
[3.948s] reading manifest file '../build/video/video.egg-info/SOURCES.txt'
[3.951s] writing manifest file '../build/video/video.egg-info/SOURCES.txt'
[3.952s] running build
[3.952s] running build_py
[3.953s] running install
[3.954s] /usr/lib/python3/dist-packages/setuptools/command/install.py:34: SetuptoolsDeprecationWarning: setup.py install is deprecated. Use build and pip and other standards-based tools.
[3.954s]   warnings.warn(
[3.955s] running install_lib
[3.961s] running install_data
[3.965s] running install_egg_info
[3.970s] removing '/home/robosub/RoboSub/RPI-Core/launch/install/video/lib/python3.10/site-packages/video-0.0.0-py3.10.egg-info' (and everything under it)
[3.972s] Copying ../build/video/video.egg-info to /home/robosub/RoboSub/RPI-Core/launch/install/video/lib/python3.10/site-packages/video-0.0.0-py3.10.egg-info
[3.979s] running install_scripts
[4.059s] Installing video_pub script to /home/robosub/RoboSub/RPI-Core/launch/install/video/lib/video
[4.061s] writing list of installed files to '/home/robosub/RoboSub/RPI-Core/launch/build/video/install.log'
[4.184s] Invoked command in '/home/robosub/RoboSub/RPI-Core/launch/video' returned '0': PYTHONPATH=/home/robosub/RoboSub/RPI-Core/launch/build/video/prefix_override:/home/robosub/RoboSub/RPI-Core/launch/install/video/lib/python3.10/site-packages:${PYTHONPATH} /usr/bin/python3 setup.py egg_info --egg-base ../build/video build --build-base /home/robosub/RoboSub/RPI-Core/launch/build/video/build install --record /home/robosub/RoboSub/RPI-Core/launch/build/video/install.log --single-version-externally-managed
