[2.883s] Invoking command in '/home/robosub/RoboSub/RPI-Core/launch/video': PYTHONPATH=/home/robosub/RoboSub/RPI-Core/launch/build/video/prefix_override:/home/robosub/RoboSub/RPI-Core/launch/install/video/lib/python3.10/site-packages:${PYTHONPATH} /usr/bin/python3 setup.py egg_info --egg-base ../build/video build --build-base /home/robosub/RoboSub/RPI-Core/launch/build/video/build install --record /home/robosub/RoboSub/RPI-Core/launch/build/video/install.log --single-version-externally-managed
[4.251s] running egg_info
[4.253s] writing ../build/video/video.egg-info/PKG-INFO
[4.254s] writing dependency_links to ../build/video/video.egg-info/dependency_links.txt
[4.255s] writing entry points to ../build/video/video.egg-info/entry_points.txt
[4.256s] writing requirements to ../build/video/video.egg-info/requires.txt
[4.256s] writing top-level names to ../build/video/video.egg-info/top_level.txt
[4.267s] reading manifest file '../build/video/video.egg-info/SOURCES.txt'
[4.270s] writing manifest file '../build/video/video.egg-info/SOURCES.txt'
[4.271s] running build
[4.272s] running build_py
[4.272s] copying video_publisher.py -> /home/robosub/RoboSub/RPI-Core/launch/build/video/build/lib
[4.273s] running install
[4.274s] /usr/lib/python3/dist-packages/setuptools/command/install.py:34: SetuptoolsDeprecationWarning: setup.py install is deprecated. Use build and pip and other standards-based tools.
[4.274s]   warnings.warn(
[4.275s] running install_lib
[4.279s] copying /home/robosub/RoboSub/RPI-Core/launch/build/video/build/lib/video_publisher.py -> /home/robosub/RoboSub/RPI-Core/launch/install/video/lib/python3.10/site-packages
[4.282s] byte-compiling /home/robosub/RoboSub/RPI-Core/launch/install/video/lib/python3.10/site-packages/video_publisher.py to video_publisher.cpython-310.pyc
[4.284s]   File "/home/robosub/RoboSub/RPI-Core/launch/install/video/lib/python3.10/site-packages/video_publisher.py", line 21
[4.284s]     self.cap.set(cv2.CAP_PROP_FRAME_HEIGHT, 240
[4.284s]                 ^
[4.285s] SyntaxError: '(' was never closed
[4.285s] 
[4.285s] running install_data
[4.286s] running install_egg_info
[4.292s] removing '/home/robosub/RoboSub/RPI-Core/launch/install/video/lib/python3.10/site-packages/video-0.0.0-py3.10.egg-info' (and everything under it)
[4.294s] Copying ../build/video/video.egg-info to /home/robosub/RoboSub/RPI-Core/launch/install/video/lib/python3.10/site-packages/video-0.0.0-py3.10.egg-info
[4.299s] running install_scripts
[4.381s] Installing video_pub script to /home/robosub/RoboSub/RPI-Core/launch/install/video/lib/video
[4.383s] writing list of installed files to '/home/robosub/RoboSub/RPI-Core/launch/build/video/install.log'
[4.511s] Invoked command in '/home/robosub/RoboSub/RPI-Core/launch/video' returned '0': PYTHONPATH=/home/robosub/RoboSub/RPI-Core/launch/build/video/prefix_override:/home/robosub/RoboSub/RPI-Core/launch/install/video/lib/python3.10/site-packages:${PYTHONPATH} /usr/bin/python3 setup.py egg_info --egg-base ../build/video build --build-base /home/robosub/RoboSub/RPI-Core/launch/build/video/build install --record /home/robosub/RoboSub/RPI-Core/launch/build/video/install.log --single-version-externally-managed
