[1.508s] DEBUG:colcon:Command line arguments: ['/usr/bin/colcon', 'build']
[1.509s] DEBUG:colcon:Parsed command line arguments: Namespace(log_base=None, log_level=None, verb_name='build', build_base='build', install_base='install', merge_install=False, symlink_install=False, test_result_base=None, continue_on_error=False, executor='parallel', parallel_workers=4, event_handlers=None, ignore_user_meta=False, metas=['./colcon.meta'], base_paths=['.'], packages_ignore=None, packages_ignore_regex=None, paths=None, packages_up_to=None, packages_up_to_regex=None, packages_above=None, packages_above_and_dependencies=None, packages_above_depth=None, packages_select_by_dep=None, packages_skip_by_dep=None, packages_skip_up_to=None, packages_select_build_failed=False, packages_skip_build_finished=False, packages_select_test_failures=False, packages_skip_test_passed=False, packages_select=None, packages_skip=None, packages_select_regex=None, packages_skip_regex=None, packages_start=None, packages_end=None, allow_overriding=[], cmake_args=None, cmake_target=None, cmake_target_skip_unavailable=False, cmake_clean_cache=False, cmake_clean_first=False, cmake_force_configure=False, ament_cmake_args=None, catkin_cmake_args=None, catkin_skip_building_tests=False, verb_parser=<colcon_defaults.argument_parser.defaults.DefaultArgumentsDecorator object at 0xffff9072bc10>, verb_extension=<colcon_core.verb.build.BuildVerb object at 0xffff90f726b0>, main=<bound method BuildVerb.main of <colcon_core.verb.build.BuildVerb object at 0xffff90f726b0>>)
[1.651s] Level 1:colcon.colcon_core.package_discovery:discover_packages(colcon_meta) check parameters
[1.651s] Level 1:colcon.colcon_core.package_discovery:discover_packages(recursive) check parameters
[1.651s] Level 1:colcon.colcon_core.package_discovery:discover_packages(ignore) check parameters
[1.651s] Level 1:colcon.colcon_core.package_discovery:discover_packages(path) check parameters
[1.652s] Level 1:colcon.colcon_core.package_discovery:discover_packages(colcon_meta) discover
[1.652s] Level 1:colcon.colcon_core.package_discovery:discover_packages(recursive) discover
[1.652s] INFO:colcon.colcon_core.package_discovery:Crawling recursively for packages in '/home/robosub/RoboSub/RPI-Core/launch'
[1.652s] Level 1:colcon.colcon_core.package_identification:_identify(.) by extensions ['ignore', 'ignore_ament_install']
[1.653s] Level 1:colcon.colcon_core.package_identification:_identify(.) by extension 'ignore'
[1.653s] Level 1:colcon.colcon_core.package_identification:_identify(.) by extension 'ignore_ament_install'
[1.653s] Level 1:colcon.colcon_core.package_identification:_identify(.) by extensions ['colcon_pkg']
[1.653s] Level 1:colcon.colcon_core.package_identification:_identify(.) by extension 'colcon_pkg'
[1.653s] Level 1:colcon.colcon_core.package_identification:_identify(.) by extensions ['colcon_meta']
[1.654s] Level 1:colcon.colcon_core.package_identification:_identify(.) by extension 'colcon_meta'
[1.654s] Level 1:colcon.colcon_core.package_identification:_identify(.) by extensions ['ros']
[1.654s] Level 1:colcon.colcon_core.package_identification:_identify(.) by extension 'ros'
[1.703s] Level 1:colcon.colcon_core.package_identification:_identify(.) by extensions ['cmake', 'python']
[1.704s] Level 1:colcon.colcon_core.package_identification:_identify(.) by extension 'cmake'
[1.704s] Level 1:colcon.colcon_core.package_identification:_identify(.) by extension 'python'
[1.704s] Level 1:colcon.colcon_core.package_identification:_identify(.) by extensions ['python_setup_py']
[1.704s] Level 1:colcon.colcon_core.package_identification:_identify(.) by extension 'python_setup_py'
[1.705s] Level 1:colcon.colcon_core.package_identification:_identify(build) by extensions ['ignore', 'ignore_ament_install']
[1.705s] Level 1:colcon.colcon_core.package_identification:_identify(build) by extension 'ignore'
[1.705s] Level 1:colcon.colcon_core.package_identification:_identify(build) ignored
[1.706s] Level 1:colcon.colcon_core.package_identification:_identify(controller) by extensions ['ignore', 'ignore_ament_install']
[1.706s] Level 1:colcon.colcon_core.package_identification:_identify(controller) by extension 'ignore'
[1.706s] Level 1:colcon.colcon_core.package_identification:_identify(controller) by extension 'ignore_ament_install'
[1.707s] Level 1:colcon.colcon_core.package_identification:_identify(controller) by extensions ['colcon_pkg']
[1.707s] Level 1:colcon.colcon_core.package_identification:_identify(controller) by extension 'colcon_pkg'
[1.707s] Level 1:colcon.colcon_core.package_identification:_identify(controller) by extensions ['colcon_meta']
[1.707s] Level 1:colcon.colcon_core.package_identification:_identify(controller) by extension 'colcon_meta'
[1.707s] Level 1:colcon.colcon_core.package_identification:_identify(controller) by extensions ['ros']
[1.707s] Level 1:colcon.colcon_core.package_identification:_identify(controller) by extension 'ros'
[1.716s] DEBUG:colcon.colcon_core.package_identification:Package 'controller' with type 'ros.ament_python' and name 'controller'
[1.716s] Level 1:colcon.colcon_core.package_identification:_identify(install) by extensions ['ignore', 'ignore_ament_install']
[1.717s] Level 1:colcon.colcon_core.package_identification:_identify(install) by extension 'ignore'
[1.717s] Level 1:colcon.colcon_core.package_identification:_identify(install) ignored
[1.718s] Level 1:colcon.colcon_core.package_identification:_identify(log) by extensions ['ignore', 'ignore_ament_install']
[1.718s] Level 1:colcon.colcon_core.package_identification:_identify(log) by extension 'ignore'
[1.718s] Level 1:colcon.colcon_core.package_identification:_identify(log) ignored
[1.719s] Level 1:colcon.colcon_core.package_identification:_identify(video) by extensions ['ignore', 'ignore_ament_install']
[1.719s] Level 1:colcon.colcon_core.package_identification:_identify(video) by extension 'ignore'
[1.719s] Level 1:colcon.colcon_core.package_identification:_identify(video) by extension 'ignore_ament_install'
[1.719s] Level 1:colcon.colcon_core.package_identification:_identify(video) by extensions ['colcon_pkg']
[1.720s] Level 1:colcon.colcon_core.package_identification:_identify(video) by extension 'colcon_pkg'
[1.720s] Level 1:colcon.colcon_core.package_identification:_identify(video) by extensions ['colcon_meta']
[1.720s] Level 1:colcon.colcon_core.package_identification:_identify(video) by extension 'colcon_meta'
[1.720s] Level 1:colcon.colcon_core.package_identification:_identify(video) by extensions ['ros']
[1.720s] Level 1:colcon.colcon_core.package_identification:_identify(video) by extension 'ros'
[1.723s] DEBUG:colcon.colcon_core.package_identification:Package 'video' with type 'ros.ament_python' and name 'video'
[1.723s] Level 1:colcon.colcon_core.package_discovery:discover_packages(recursive) using defaults
[1.723s] Level 1:colcon.colcon_core.package_discovery:discover_packages(ignore) discover
[1.723s] Level 1:colcon.colcon_core.package_discovery:discover_packages(ignore) using defaults
[1.723s] Level 1:colcon.colcon_core.package_discovery:discover_packages(path) discover
[1.723s] Level 1:colcon.colcon_core.package_discovery:discover_packages(path) using defaults
[1.823s] Level 1:colcon.colcon_core.package_discovery:discover_packages(prefix_path) check parameters
[1.824s] Level 1:colcon.colcon_core.package_discovery:discover_packages(prefix_path) discover
[1.842s] DEBUG:colcon.colcon_installed_package_information.package_discovery:Found 270 installed packages in /opt/ros/humble
[1.848s] Level 1:colcon.colcon_core.package_discovery:discover_packages(prefix_path) using defaults
[2.112s] Level 5:colcon.colcon_core.verb:set package 'controller' build argument 'cmake_args' from command line to 'None'
[2.112s] Level 5:colcon.colcon_core.verb:set package 'controller' build argument 'cmake_target' from command line to 'None'
[2.112s] Level 5:colcon.colcon_core.verb:set package 'controller' build argument 'cmake_target_skip_unavailable' from command line to 'False'
[2.112s] Level 5:colcon.colcon_core.verb:set package 'controller' build argument 'cmake_clean_cache' from command line to 'False'
[2.113s] Level 5:colcon.colcon_core.verb:set package 'controller' build argument 'cmake_clean_first' from command line to 'False'
[2.113s] Level 5:colcon.colcon_core.verb:set package 'controller' build argument 'cmake_force_configure' from command line to 'False'
[2.113s] Level 5:colcon.colcon_core.verb:set package 'controller' build argument 'ament_cmake_args' from command line to 'None'
[2.113s] Level 5:colcon.colcon_core.verb:set package 'controller' build argument 'catkin_cmake_args' from command line to 'None'
[2.113s] Level 5:colcon.colcon_core.verb:set package 'controller' build argument 'catkin_skip_building_tests' from command line to 'False'
[2.113s] DEBUG:colcon.colcon_core.verb:Building package 'controller' with the following arguments: {'ament_cmake_args': None, 'build_base': '/home/robosub/RoboSub/RPI-Core/launch/build/controller', 'catkin_cmake_args': None, 'catkin_skip_building_tests': False, 'cmake_args': None, 'cmake_clean_cache': False, 'cmake_clean_first': False, 'cmake_force_configure': False, 'cmake_target': None, 'cmake_target_skip_unavailable': False, 'install_base': '/home/robosub/RoboSub/RPI-Core/launch/install/controller', 'merge_install': False, 'path': '/home/robosub/RoboSub/RPI-Core/launch/controller', 'symlink_install': False, 'test_result_base': None}
[2.118s] Level 5:colcon.colcon_core.verb:set package 'video' build argument 'cmake_args' from command line to 'None'
[2.118s] Level 5:colcon.colcon_core.verb:set package 'video' build argument 'cmake_target' from command line to 'None'
[2.118s] Level 5:colcon.colcon_core.verb:set package 'video' build argument 'cmake_target_skip_unavailable' from command line to 'False'
[2.118s] Level 5:colcon.colcon_core.verb:set package 'video' build argument 'cmake_clean_cache' from command line to 'False'
[2.118s] Level 5:colcon.colcon_core.verb:set package 'video' build argument 'cmake_clean_first' from command line to 'False'
[2.118s] Level 5:colcon.colcon_core.verb:set package 'video' build argument 'cmake_force_configure' from command line to 'False'
[2.118s] Level 5:colcon.colcon_core.verb:set package 'video' build argument 'ament_cmake_args' from command line to 'None'
[2.119s] Level 5:colcon.colcon_core.verb:set package 'video' build argument 'catkin_cmake_args' from command line to 'None'
[2.119s] Level 5:colcon.colcon_core.verb:set package 'video' build argument 'catkin_skip_building_tests' from command line to 'False'
[2.119s] DEBUG:colcon.colcon_core.verb:Building package 'video' with the following arguments: {'ament_cmake_args': None, 'build_base': '/home/robosub/RoboSub/RPI-Core/launch/build/video', 'catkin_cmake_args': None, 'catkin_skip_building_tests': False, 'cmake_args': None, 'cmake_clean_cache': False, 'cmake_clean_first': False, 'cmake_force_configure': False, 'cmake_target': None, 'cmake_target_skip_unavailable': False, 'install_base': '/home/robosub/RoboSub/RPI-Core/launch/install/video', 'merge_install': False, 'path': '/home/robosub/RoboSub/RPI-Core/launch/video', 'symlink_install': False, 'test_result_base': None}
[2.122s] INFO:colcon.colcon_core.executor:Executing jobs using 'parallel' executor
[2.135s] DEBUG:colcon.colcon_parallel_executor.executor.parallel:run_until_complete
[2.136s] INFO:colcon.colcon_ros.task.ament_python.build:Building ROS package in '/home/robosub/RoboSub/RPI-Core/launch/controller' with build type 'ament_python'
[2.137s] Level 1:colcon.colcon_core.shell:create_environment_hook('controller', 'ament_prefix_path')
[2.158s] INFO:colcon.colcon_core.plugin_system:Skipping extension 'colcon_core.shell.bat': Not used on non-Windows systems
[2.160s] INFO:colcon.colcon_core.shell:Creating environment hook '/home/robosub/RoboSub/RPI-Core/launch/install/controller/share/controller/hook/ament_prefix_path.ps1'
[2.163s] INFO:colcon.colcon_core.shell:Creating environment descriptor '/home/robosub/RoboSub/RPI-Core/launch/install/controller/share/controller/hook/ament_prefix_path.dsv'
[2.165s] INFO:colcon.colcon_core.shell:Creating environment hook '/home/robosub/RoboSub/RPI-Core/launch/install/controller/share/controller/hook/ament_prefix_path.sh'
[2.175s] INFO:colcon.colcon_core.shell:Skip shell extension 'powershell' for command environment: Not usable outside of PowerShell
[2.176s] DEBUG:colcon.colcon_core.shell:Skip shell extension 'dsv' for command environment
[2.195s] INFO:colcon.colcon_ros.task.ament_python.build:Building ROS package in '/home/robosub/RoboSub/RPI-Core/launch/video' with build type 'ament_python'
[2.196s] Level 1:colcon.colcon_core.shell:create_environment_hook('video', 'ament_prefix_path')
[2.202s] INFO:colcon.colcon_core.shell:Creating environment hook '/home/robosub/RoboSub/RPI-Core/launch/install/video/share/video/hook/ament_prefix_path.ps1'
[2.204s] INFO:colcon.colcon_core.shell:Creating environment descriptor '/home/robosub/RoboSub/RPI-Core/launch/install/video/share/video/hook/ament_prefix_path.dsv'
[2.206s] INFO:colcon.colcon_core.shell:Creating environment hook '/home/robosub/RoboSub/RPI-Core/launch/install/video/share/video/hook/ament_prefix_path.sh'
[2.215s] INFO:colcon.colcon_core.shell:Skip shell extension 'powershell' for command environment: Not usable outside of PowerShell
[2.216s] DEBUG:colcon.colcon_core.shell:Skip shell extension 'dsv' for command environment
[3.479s] INFO:colcon.colcon_core.task.python.build:Building Python package in '/home/robosub/RoboSub/RPI-Core/launch/controller'
[3.485s] INFO:colcon.colcon_core.shell:Skip shell extension 'powershell' for command environment: Not usable outside of PowerShell
[3.485s] DEBUG:colcon.colcon_core.shell:Skip shell extension 'dsv' for command environment
[5.073s] INFO:colcon.colcon_core.task.python.build:Building Python package in '/home/robosub/RoboSub/RPI-Core/launch/video'
[5.079s] INFO:colcon.colcon_core.shell:Skip shell extension 'powershell' for command environment: Not usable outside of PowerShell
[5.080s] DEBUG:colcon.colcon_core.shell:Skip shell extension 'dsv' for command environment
[7.587s] DEBUG:colcon.colcon_core.event_handler.log_command:Invoking command in '/home/robosub/RoboSub/RPI-Core/launch/controller': PYTHONPATH=/home/robosub/RoboSub/RPI-Core/launch/build/controller/prefix_override:/home/robosub/RoboSub/RPI-Core/launch/install/controller/lib/python3.10/site-packages:${PYTHONPATH} /usr/bin/python3 setup.py egg_info --egg-base ../build/controller build --build-base /home/robosub/RoboSub/RPI-Core/launch/build/controller/build install --record /home/robosub/RoboSub/RPI-Core/launch/build/controller/install.log --single-version-externally-managed
[7.624s] DEBUG:colcon.colcon_core.event_handler.log_command:Invoking command in '/home/robosub/RoboSub/RPI-Core/launch/video': PYTHONPATH=/home/robosub/RoboSub/RPI-Core/launch/build/video/prefix_override:/home/robosub/RoboSub/RPI-Core/launch/install/video/lib/python3.10/site-packages:${PYTHONPATH} /usr/bin/python3 setup.py egg_info --egg-base ../build/video build --build-base /home/robosub/RoboSub/RPI-Core/launch/build/video/build install --record /home/robosub/RoboSub/RPI-Core/launch/build/video/install.log --single-version-externally-managed
[9.432s] DEBUG:colcon.colcon_parallel_executor.executor.parallel:run_until_complete was interrupted
[9.433s] DEBUG:colcon.colcon_parallel_executor.executor.parallel:run_until_complete again
[9.611s] DEBUG:colcon.colcon_core.event_handler.log_command:Invoked command in '/home/robosub/RoboSub/RPI-Core/launch/controller' returned '1': PYTHONPATH=/home/robosub/RoboSub/RPI-Core/launch/build/controller/prefix_override:/home/robosub/RoboSub/RPI-Core/launch/install/controller/lib/python3.10/site-packages:${PYTHONPATH} /usr/bin/python3 setup.py egg_info --egg-base ../build/controller build --build-base /home/robosub/RoboSub/RPI-Core/launch/build/controller/build install --record /home/robosub/RoboSub/RPI-Core/launch/build/controller/install.log --single-version-externally-managed
[9.624s] DEBUG:colcon.colcon_parallel_executor.executor.parallel:run_until_complete finished
[9.625s] DEBUG:colcon.colcon_parallel_executor.executor.parallel:closing loop
[9.625s] DEBUG:colcon.colcon_parallel_executor.executor.parallel:loop closed
[9.626s] DEBUG:colcon.colcon_core.event_reactor:joining thread
[9.653s] INFO:colcon.colcon_core.plugin_system:Skipping extension 'colcon_notification.desktop_notification.terminal_notifier': Not used on non-Darwin systems
[9.654s] INFO:colcon.colcon_core.plugin_system:Skipping extension 'colcon_notification.desktop_notification.win32': Not used on non-Windows systems
[9.654s] INFO:colcon.colcon_notification.desktop_notification:Sending desktop notification using 'notify2'
[9.740s] DEBUG:colcon.colcon_core.event_reactor:joined thread
[9.747s] INFO:colcon.colcon_core.shell:Creating prefix script '/home/robosub/RoboSub/RPI-Core/launch/install/local_setup.ps1'
[9.751s] INFO:colcon.colcon_core.shell:Creating prefix util module '/home/robosub/RoboSub/RPI-Core/launch/install/_local_setup_util_ps1.py'
[9.759s] INFO:colcon.colcon_core.shell:Creating prefix chain script '/home/robosub/RoboSub/RPI-Core/launch/install/setup.ps1'
[9.769s] INFO:colcon.colcon_core.shell:Creating prefix script '/home/robosub/RoboSub/RPI-Core/launch/install/local_setup.sh'
[9.772s] INFO:colcon.colcon_core.shell:Creating prefix util module '/home/robosub/RoboSub/RPI-Core/launch/install/_local_setup_util_sh.py'
[9.776s] INFO:colcon.colcon_core.shell:Creating prefix chain script '/home/robosub/RoboSub/RPI-Core/launch/install/setup.sh'
[9.783s] INFO:colcon.colcon_core.shell:Creating prefix script '/home/robosub/RoboSub/RPI-Core/launch/install/local_setup.bash'
[9.787s] INFO:colcon.colcon_core.shell:Creating prefix chain script '/home/robosub/RoboSub/RPI-Core/launch/install/setup.bash'
[9.794s] INFO:colcon.colcon_core.shell:Creating prefix script '/home/robosub/RoboSub/RPI-Core/launch/install/local_setup.zsh'
[9.798s] INFO:colcon.colcon_core.shell:Creating prefix chain script '/home/robosub/RoboSub/RPI-Core/launch/install/setup.zsh'
