[1.684s] DEBUG:colcon:Command line arguments: ['/usr/bin/colcon', 'build']
[1.684s] DEBUG:colcon:Parsed command line arguments: Namespace(log_base=None, log_level=None, verb_name='build', build_base='build', install_base='install', merge_install=False, symlink_install=False, test_result_base=None, continue_on_error=False, executor='parallel', parallel_workers=4, event_handlers=None, ignore_user_meta=False, metas=['./colcon.meta'], base_paths=['.'], packages_ignore=None, packages_ignore_regex=None, paths=None, packages_up_to=None, packages_up_to_regex=None, packages_above=None, packages_above_and_dependencies=None, packages_above_depth=None, packages_select_by_dep=None, packages_skip_by_dep=None, packages_skip_up_to=None, packages_select_build_failed=False, packages_skip_build_finished=False, packages_select_test_failures=False, packages_skip_test_passed=False, packages_select=None, packages_skip=None, packages_select_regex=None, packages_skip_regex=None, packages_start=None, packages_end=None, allow_overriding=[], cmake_args=None, cmake_target=None, cmake_target_skip_unavailable=False, cmake_clean_cache=False, cmake_clean_first=False, cmake_force_configure=False, ament_cmake_args=None, catkin_cmake_args=None, catkin_skip_building_tests=False, verb_parser=<colcon_defaults.argument_parser.defaults.DefaultArgumentsDecorator object at 0xffffb6e4bc10>, verb_extension=<colcon_core.verb.build.BuildVerb object at 0xffffb76ea0e0>, main=<bound method BuildVerb.main of <colcon_core.verb.build.BuildVerb object at 0xffffb76ea0e0>>)
[1.819s] Level 1:colcon.colcon_core.package_discovery:discover_packages(colcon_meta) check parameters
[1.819s] Level 1:colcon.colcon_core.package_discovery:discover_packages(recursive) check parameters
[1.820s] Level 1:colcon.colcon_core.package_discovery:discover_packages(ignore) check parameters
[1.820s] Level 1:colcon.colcon_core.package_discovery:discover_packages(path) check parameters
[1.820s] Level 1:colcon.colcon_core.package_discovery:discover_packages(colcon_meta) discover
[1.820s] Level 1:colcon.colcon_core.package_discovery:discover_packages(recursive) discover
[1.820s] INFO:colcon.colcon_core.package_discovery:Crawling recursively for packages in '/home/robosub/RoboSub/RPI-Core/launch'
[1.820s] Level 1:colcon.colcon_core.package_identification:_identify(.) by extensions ['ignore', 'ignore_ament_install']
[1.821s] Level 1:colcon.colcon_core.package_identification:_identify(.) by extension 'ignore'
[1.821s] Level 1:colcon.colcon_core.package_identification:_identify(.) by extension 'ignore_ament_install'
[1.821s] Level 1:colcon.colcon_core.package_identification:_identify(.) by extensions ['colcon_pkg']
[1.821s] Level 1:colcon.colcon_core.package_identification:_identify(.) by extension 'colcon_pkg'
[1.822s] Level 1:colcon.colcon_core.package_identification:_identify(.) by extensions ['colcon_meta']
[1.822s] Level 1:colcon.colcon_core.package_identification:_identify(.) by extension 'colcon_meta'
[1.822s] Level 1:colcon.colcon_core.package_identification:_identify(.) by extensions ['ros']
[1.822s] Level 1:colcon.colcon_core.package_identification:_identify(.) by extension 'ros'
[1.871s] Level 1:colcon.colcon_core.package_identification:_identify(.) by extensions ['cmake', 'python']
[1.871s] Level 1:colcon.colcon_core.package_identification:_identify(.) by extension 'cmake'
[1.871s] Level 1:colcon.colcon_core.package_identification:_identify(.) by extension 'python'
[1.871s] Level 1:colcon.colcon_core.package_identification:_identify(.) by extensions ['python_setup_py']
[1.872s] Level 1:colcon.colcon_core.package_identification:_identify(.) by extension 'python_setup_py'
[1.872s] Level 1:colcon.colcon_core.package_identification:_identify(build) by extensions ['ignore', 'ignore_ament_install']
[1.872s] Level 1:colcon.colcon_core.package_identification:_identify(build) by extension 'ignore'
[1.873s] Level 1:colcon.colcon_core.package_identification:_identify(build) ignored
[1.873s] Level 1:colcon.colcon_core.package_identification:_identify(install) by extensions ['ignore', 'ignore_ament_install']
[1.874s] Level 1:colcon.colcon_core.package_identification:_identify(install) by extension 'ignore'
[1.874s] Level 1:colcon.colcon_core.package_identification:_identify(install) ignored
[1.875s] Level 1:colcon.colcon_core.package_identification:_identify(log) by extensions ['ignore', 'ignore_ament_install']
[1.875s] Level 1:colcon.colcon_core.package_identification:_identify(log) by extension 'ignore'
[1.875s] Level 1:colcon.colcon_core.package_identification:_identify(log) ignored
[1.875s] Level 1:colcon.colcon_core.package_identification:_identify(video) by extensions ['ignore', 'ignore_ament_install']
[1.876s] Level 1:colcon.colcon_core.package_identification:_identify(video) by extension 'ignore'
[1.876s] Level 1:colcon.colcon_core.package_identification:_identify(video) by extension 'ignore_ament_install'
[1.876s] Level 1:colcon.colcon_core.package_identification:_identify(video) by extensions ['colcon_pkg']
[1.876s] Level 1:colcon.colcon_core.package_identification:_identify(video) by extension 'colcon_pkg'
[1.876s] Level 1:colcon.colcon_core.package_identification:_identify(video) by extensions ['colcon_meta']
[1.877s] Level 1:colcon.colcon_core.package_identification:_identify(video) by extension 'colcon_meta'
[1.877s] Level 1:colcon.colcon_core.package_identification:_identify(video) by extensions ['ros']
[1.877s] Level 1:colcon.colcon_core.package_identification:_identify(video) by extension 'ros'
[1.885s] DEBUG:colcon.colcon_core.package_identification:Package 'video' with type 'ros.ament_python' and name 'video'
[1.885s] Level 1:colcon.colcon_core.package_discovery:discover_packages(recursive) using defaults
[1.886s] Level 1:colcon.colcon_core.package_discovery:discover_packages(ignore) discover
[1.886s] Level 1:colcon.colcon_core.package_discovery:discover_packages(ignore) using defaults
[1.886s] Level 1:colcon.colcon_core.package_discovery:discover_packages(path) discover
[1.886s] Level 1:colcon.colcon_core.package_discovery:discover_packages(path) using defaults
[1.979s] Level 1:colcon.colcon_core.package_discovery:discover_packages(prefix_path) check parameters
[1.980s] Level 1:colcon.colcon_core.package_discovery:discover_packages(prefix_path) discover
[1.991s] DEBUG:colcon.colcon_installed_package_information.package_discovery:Found 1 installed packages in /home/robosub/RoboSub/RPI-Core/launch/install
[2.002s] DEBUG:colcon.colcon_installed_package_information.package_discovery:Found 270 installed packages in /opt/ros/humble
[2.008s] Level 1:colcon.colcon_core.package_discovery:discover_packages(prefix_path) using defaults
[2.268s] Level 5:colcon.colcon_core.verb:set package 'video' build argument 'cmake_args' from command line to 'None'
[2.268s] Level 5:colcon.colcon_core.verb:set package 'video' build argument 'cmake_target' from command line to 'None'
[2.268s] Level 5:colcon.colcon_core.verb:set package 'video' build argument 'cmake_target_skip_unavailable' from command line to 'False'
[2.268s] Level 5:colcon.colcon_core.verb:set package 'video' build argument 'cmake_clean_cache' from command line to 'False'
[2.268s] Level 5:colcon.colcon_core.verb:set package 'video' build argument 'cmake_clean_first' from command line to 'False'
[2.268s] Level 5:colcon.colcon_core.verb:set package 'video' build argument 'cmake_force_configure' from command line to 'False'
[2.268s] Level 5:colcon.colcon_core.verb:set package 'video' build argument 'ament_cmake_args' from command line to 'None'
[2.269s] Level 5:colcon.colcon_core.verb:set package 'video' build argument 'catkin_cmake_args' from command line to 'None'
[2.269s] Level 5:colcon.colcon_core.verb:set package 'video' build argument 'catkin_skip_building_tests' from command line to 'False'
[2.269s] DEBUG:colcon.colcon_core.verb:Building package 'video' with the following arguments: {'ament_cmake_args': None, 'build_base': '/home/robosub/RoboSub/RPI-Core/launch/build/video', 'catkin_cmake_args': None, 'catkin_skip_building_tests': False, 'cmake_args': None, 'cmake_clean_cache': False, 'cmake_clean_first': False, 'cmake_force_configure': False, 'cmake_target': None, 'cmake_target_skip_unavailable': False, 'install_base': '/home/robosub/RoboSub/RPI-Core/launch/install/video', 'merge_install': False, 'path': '/home/robosub/RoboSub/RPI-Core/launch/video', 'symlink_install': False, 'test_result_base': None}
[2.272s] INFO:colcon.colcon_core.executor:Executing jobs using 'parallel' executor
[2.284s] DEBUG:colcon.colcon_parallel_executor.executor.parallel:run_until_complete
[2.285s] INFO:colcon.colcon_ros.task.ament_python.build:Building ROS package in '/home/robosub/RoboSub/RPI-Core/launch/video' with build type 'ament_python'
[2.285s] Level 1:colcon.colcon_core.shell:create_environment_hook('video', 'ament_prefix_path')
[2.306s] INFO:colcon.colcon_core.plugin_system:Skipping extension 'colcon_core.shell.bat': Not used on non-Windows systems
[2.307s] INFO:colcon.colcon_core.shell:Creating environment hook '/home/robosub/RoboSub/RPI-Core/launch/install/video/share/video/hook/ament_prefix_path.ps1'
[2.310s] INFO:colcon.colcon_core.shell:Creating environment descriptor '/home/robosub/RoboSub/RPI-Core/launch/install/video/share/video/hook/ament_prefix_path.dsv'
[2.312s] INFO:colcon.colcon_core.shell:Creating environment hook '/home/robosub/RoboSub/RPI-Core/launch/install/video/share/video/hook/ament_prefix_path.sh'
[2.321s] INFO:colcon.colcon_core.shell:Skip shell extension 'powershell' for command environment: Not usable outside of PowerShell
[2.321s] DEBUG:colcon.colcon_core.shell:Skip shell extension 'dsv' for command environment
[3.583s] INFO:colcon.colcon_core.task.python.build:Building Python package in '/home/robosub/RoboSub/RPI-Core/launch/video'
[3.588s] INFO:colcon.colcon_core.shell:Skip shell extension 'powershell' for command environment: Not usable outside of PowerShell
[3.589s] DEBUG:colcon.colcon_core.shell:Skip shell extension 'dsv' for command environment
[5.119s] DEBUG:colcon.colcon_core.event_handler.log_command:Invoking command in '/home/robosub/RoboSub/RPI-Core/launch/video': PYTHONPATH=/home/robosub/RoboSub/RPI-Core/launch/build/video/prefix_override:/home/robosub/RoboSub/RPI-Core/launch/install/video/lib/python3.10/site-packages:${PYTHONPATH} /usr/bin/python3 setup.py egg_info --egg-base ../build/video build --build-base /home/robosub/RoboSub/RPI-Core/launch/build/video/build install --record /home/robosub/RoboSub/RPI-Core/launch/build/video/install.log --single-version-externally-managed
[6.759s] DEBUG:colcon.colcon_core.event_handler.log_command:Invoked command in '/home/robosub/RoboSub/RPI-Core/launch/video' returned '0': PYTHONPATH=/home/robosub/RoboSub/RPI-Core/launch/build/video/prefix_override:/home/robosub/RoboSub/RPI-Core/launch/install/video/lib/python3.10/site-packages:${PYTHONPATH} /usr/bin/python3 setup.py egg_info --egg-base ../build/video build --build-base /home/robosub/RoboSub/RPI-Core/launch/build/video/build install --record /home/robosub/RoboSub/RPI-Core/launch/build/video/install.log --single-version-externally-managed
[6.784s] Level 1:colcon.colcon_core.environment:checking '/home/robosub/RoboSub/RPI-Core/launch/install/video' for CMake module files
[6.786s] Level 1:colcon.colcon_core.environment:checking '/home/robosub/RoboSub/RPI-Core/launch/install/video' for CMake config files
[6.791s] Level 1:colcon.colcon_core.environment:checking '/home/robosub/RoboSub/RPI-Core/launch/install/video/lib'
[6.792s] Level 1:colcon.colcon_core.environment:checking '/home/robosub/RoboSub/RPI-Core/launch/install/video/bin'
[6.792s] Level 1:colcon.colcon_core.environment:checking '/home/robosub/RoboSub/RPI-Core/launch/install/video/lib/pkgconfig/video.pc'
[6.793s] Level 1:colcon.colcon_core.environment:checking '/home/robosub/RoboSub/RPI-Core/launch/install/video/lib/python3.10/site-packages'
[6.794s] Level 1:colcon.colcon_core.shell:create_environment_hook('video', 'pythonpath')
[6.799s] INFO:colcon.colcon_core.shell:Creating environment hook '/home/robosub/RoboSub/RPI-Core/launch/install/video/share/video/hook/pythonpath.ps1'
[6.802s] INFO:colcon.colcon_core.shell:Creating environment descriptor '/home/robosub/RoboSub/RPI-Core/launch/install/video/share/video/hook/pythonpath.dsv'
[6.804s] INFO:colcon.colcon_core.shell:Creating environment hook '/home/robosub/RoboSub/RPI-Core/launch/install/video/share/video/hook/pythonpath.sh'
[6.807s] Level 1:colcon.colcon_core.environment:checking '/home/robosub/RoboSub/RPI-Core/launch/install/video/bin'
[6.807s] Level 1:colcon.colcon_core.environment:create_environment_scripts_only(video)
[6.812s] INFO:colcon.colcon_core.shell:Creating package script '/home/robosub/RoboSub/RPI-Core/launch/install/video/share/video/package.ps1'
[6.816s] INFO:colcon.colcon_core.shell:Creating package descriptor '/home/robosub/RoboSub/RPI-Core/launch/install/video/share/video/package.dsv'
[6.819s] INFO:colcon.colcon_core.shell:Creating package script '/home/robosub/RoboSub/RPI-Core/launch/install/video/share/video/package.sh'
[6.822s] INFO:colcon.colcon_core.shell:Creating package script '/home/robosub/RoboSub/RPI-Core/launch/install/video/share/video/package.bash'
[6.825s] INFO:colcon.colcon_core.shell:Creating package script '/home/robosub/RoboSub/RPI-Core/launch/install/video/share/video/package.zsh'
[6.827s] Level 1:colcon.colcon_core.environment:create_file_with_runtime_dependencies(/home/robosub/RoboSub/RPI-Core/launch/install/video/share/colcon-core/packages/video)
[6.829s] DEBUG:colcon.colcon_parallel_executor.executor.parallel:closing loop
[6.830s] DEBUG:colcon.colcon_parallel_executor.executor.parallel:loop closed
[6.830s] DEBUG:colcon.colcon_parallel_executor.executor.parallel:run_until_complete finished with '0'
[6.831s] DEBUG:colcon.colcon_core.event_reactor:joining thread
[6.854s] INFO:colcon.colcon_core.plugin_system:Skipping extension 'colcon_notification.desktop_notification.terminal_notifier': Not used on non-Darwin systems
[6.855s] INFO:colcon.colcon_core.plugin_system:Skipping extension 'colcon_notification.desktop_notification.win32': Not used on non-Windows systems
[6.855s] INFO:colcon.colcon_notification.desktop_notification:Sending desktop notification using 'notify2'
[6.915s] DEBUG:colcon.colcon_core.event_reactor:joined thread
[6.921s] INFO:colcon.colcon_core.shell:Creating prefix script '/home/robosub/RoboSub/RPI-Core/launch/install/local_setup.ps1'
[6.925s] INFO:colcon.colcon_core.shell:Creating prefix util module '/home/robosub/RoboSub/RPI-Core/launch/install/_local_setup_util_ps1.py'
[6.932s] INFO:colcon.colcon_core.shell:Creating prefix chain script '/home/robosub/RoboSub/RPI-Core/launch/install/setup.ps1'
[6.939s] INFO:colcon.colcon_core.shell:Creating prefix script '/home/robosub/RoboSub/RPI-Core/launch/install/local_setup.sh'
[6.942s] INFO:colcon.colcon_core.shell:Creating prefix util module '/home/robosub/RoboSub/RPI-Core/launch/install/_local_setup_util_sh.py'
[6.947s] INFO:colcon.colcon_core.shell:Creating prefix chain script '/home/robosub/RoboSub/RPI-Core/launch/install/setup.sh'
[6.954s] INFO:colcon.colcon_core.shell:Creating prefix script '/home/robosub/RoboSub/RPI-Core/launch/install/local_setup.bash'
[6.956s] INFO:colcon.colcon_core.shell:Creating prefix chain script '/home/robosub/RoboSub/RPI-Core/launch/install/setup.bash'
[6.963s] INFO:colcon.colcon_core.shell:Creating prefix script '/home/robosub/RoboSub/RPI-Core/launch/install/local_setup.zsh'
[6.966s] INFO:colcon.colcon_core.shell:Creating prefix chain script '/home/robosub/RoboSub/RPI-Core/launch/install/setup.zsh'
