[4.576s] Invoking command in '/home/robosub/RoboSub/RPI-Core/launch/controller': PYTHONPATH=/home/robosub/RoboSub/RPI-Core/launch/build/controller/prefix_override:/home/robosub/RoboSub/RPI-Core/launch/install/controller/lib/python3.10/site-packages:${PYTHONPATH} /usr/bin/python3 setup.py egg_info --egg-base ../build/controller build --build-base /home/robosub/RoboSub/RPI-Core/launch/build/controller/build install --record /home/robosub/RoboSub/RPI-Core/launch/build/controller/install.log --single-version-externally-managed
[6.099s] running egg_info
[6.101s] writing ../build/controller/controller.egg-info/PKG-INFO
[6.103s] writing dependency_links to ../build/controller/controller.egg-info/dependency_links.txt
[6.104s] writing entry points to ../build/controller/controller.egg-info/entry_points.txt
[6.105s] writing requirements to ../build/controller/controller.egg-info/requires.txt
[6.105s] writing top-level names to ../build/controller/controller.egg-info/top_level.txt
[6.115s] reading manifest file '../build/controller/controller.egg-info/SOURCES.txt'
[6.119s] writing manifest file '../build/controller/controller.egg-info/SOURCES.txt'
[6.120s] running build
[6.121s] running build_py
[6.121s] copying controller_sub.py -> /home/robosub/RoboSub/RPI-Core/launch/build/controller/build/lib
[6.123s] running install
[6.124s] /usr/lib/python3/dist-packages/setuptools/command/install.py:34: SetuptoolsDeprecationWarning: setup.py install is deprecated. Use build and pip and other standards-based tools.
[6.124s]   warnings.warn(
[6.125s] running install_lib
[6.128s] copying /home/robosub/RoboSub/RPI-Core/launch/build/controller/build/lib/controller_sub.py -> /home/robosub/RoboSub/RPI-Core/launch/install/controller/lib/python3.10/site-packages
[6.133s] byte-compiling /home/robosub/RoboSub/RPI-Core/launch/install/controller/lib/python3.10/site-packages/controller_sub.py to controller_sub.cpython-310.pyc
[6.136s] running install_data
[6.138s] running install_egg_info
[6.145s] removing '/home/robosub/RoboSub/RPI-Core/launch/install/controller/lib/python3.10/site-packages/controller-0.0.0-py3.10.egg-info' (and everything under it)
[6.147s] Copying ../build/controller/controller.egg-info to /home/robosub/RoboSub/RPI-Core/launch/install/controller/lib/python3.10/site-packages/controller-0.0.0-py3.10.egg-info
[6.154s] running install_scripts
[6.251s] Installing controller_sub script to /home/robosub/RoboSub/RPI-Core/launch/install/controller/lib/controller
[6.253s] writing list of installed files to '/home/robosub/RoboSub/RPI-Core/launch/build/controller/install.log'
[6.458s] Invoked command in '/home/robosub/RoboSub/RPI-Core/launch/controller' returned '0': PYTHONPATH=/home/robosub/RoboSub/RPI-Core/launch/build/controller/prefix_override:/home/robosub/RoboSub/RPI-Core/launch/install/controller/lib/python3.10/site-packages:${PYTHONPATH} /usr/bin/python3 setup.py egg_info --egg-base ../build/controller build --build-base /home/robosub/RoboSub/RPI-Core/launch/build/controller/build install --record /home/robosub/RoboSub/RPI-Core/launch/build/controller/install.log --single-version-externally-managed
